{"/home/travis/build/npmtest/node-npmtest-webpack-svgstore-plugin/test.js":{"path":"/home/travis/build/npmtest/node-npmtest-webpack-svgstore-plugin/test.js","s":{"1":2,"2":2,"3":2,"4":2,"5":2,"6":2,"7":2,"8":1,"9":2,"10":2,"11":1,"12":1,"13":1,"14":1,"15":2,"16":2,"17":2,"18":2,"19":1,"20":1,"21":2,"22":2,"23":2,"24":1,"25":1,"26":1,"27":1,"28":1,"29":1,"30":1,"31":1,"32":1,"33":1,"34":1,"35":1,"36":1,"37":1,"38":1,"39":2,"40":2,"41":1,"42":2,"43":2,"44":1,"45":2,"46":2,"47":1,"48":2,"49":2,"50":1,"51":1,"52":1,"53":1,"54":1},"b":{"1":[2,1,1,1],"2":[1,1,1,1],"3":[1,1],"4":[1,1],"5":[1,1],"6":[1,1],"7":[1,1],"8":[1,1],"9":[1,1],"10":[1,1,1],"11":[1,1],"12":[1,1],"13":[1,1],"14":[1,1],"15":[1,1],"16":[1,1],"17":[1,1]},"f":{"1":2,"2":2,"3":2,"4":2,"5":2,"6":1,"7":1,"8":1,"9":2,"10":2,"11":2,"12":2,"13":1},"fnMap":{"1":{"name":"(anonymous_1)","line":12,"loc":{"start":{"line":12,"column":1},"end":{"line":12,"column":13}}},"2":{"name":"(anonymous_2)","line":19,"loc":{"start":{"line":19,"column":5},"end":{"line":19,"column":17}}},"3":{"name":"(anonymous_3)","line":23,"loc":{"start":{"line":23,"column":24},"end":{"line":23,"column":36}}},"4":{"name":"(anonymous_4)","line":61,"loc":{"start":{"line":61,"column":5},"end":{"line":61,"column":17}}},"5":{"name":"(anonymous_5)","line":82,"loc":{"start":{"line":82,"column":5},"end":{"line":82,"column":17}}},"6":{"name":"(anonymous_6)","line":91,"loc":{"start":{"line":91,"column":77},"end":{"line":94,"column":10}}},"7":{"name":"(anonymous_7)","line":112,"loc":{"start":{"line":112,"column":83},"end":{"line":115,"column":10}},"skip":true},"8":{"name":"(anonymous_8)","line":123,"loc":{"start":{"line":123,"column":77},"end":{"line":126,"column":10}},"skip":true},"9":{"name":"(anonymous_9)","line":139,"loc":{"start":{"line":139,"column":12},"end":{"line":139,"column":40}},"skip":true},"10":{"name":"(anonymous_10)","line":147,"loc":{"start":{"line":147,"column":77},"end":{"line":150,"column":10}},"skip":true},"11":{"name":"(anonymous_11)","line":158,"loc":{"start":{"line":158,"column":83},"end":{"line":161,"column":10}},"skip":true},"12":{"name":"(anonymous_12)","line":169,"loc":{"start":{"line":169,"column":79},"end":{"line":172,"column":10}},"skip":true},"13":{"name":"(anonymous_13)","line":180,"loc":{"start":{"line":180,"column":75},"end":{"line":183,"column":10}},"skip":true}},"statementMap":{"1":{"start":{"line":12,"column":0},"end":{"line":195,"column":5}},"2":{"start":{"line":14,"column":4},"end":{"line":14,"column":14}},"3":{"start":{"line":19,"column":4},"end":{"line":56,"column":9}},"4":{"start":{"line":21,"column":8},"end":{"line":21,"column":19}},"5":{"start":{"line":23,"column":8},"end":{"line":35,"column":13}},"6":{"start":{"line":24,"column":12},"end":{"line":34,"column":13}},"7":{"start":{"line":25,"column":16},"end":{"line":28,"column":30}},"8":{"start":{"line":30,"column":16},"end":{"line":33,"column":27}},"9":{"start":{"line":37,"column":8},"end":{"line":39,"column":21}},"10":{"start":{"line":40,"column":8},"end":{"line":53,"column":9}},"11":{"start":{"line":43,"column":12},"end":{"line":46,"column":14}},"12":{"start":{"line":47,"column":12},"end":{"line":47,"column":18}},"13":{"start":{"line":50,"column":12},"end":{"line":51,"column":33}},"14":{"start":{"line":52,"column":12},"end":{"line":52,"column":18}},"15":{"start":{"line":55,"column":8},"end":{"line":55,"column":35}},"16":{"start":{"line":61,"column":4},"end":{"line":63,"column":9}},"17":{"start":{"line":62,"column":8},"end":{"line":62,"column":15}},"18":{"start":{"line":64,"column":4},"end":{"line":77,"column":5}},"19":{"start":{"line":70,"column":8},"end":{"line":70,"column":14}},"20":{"start":{"line":76,"column":8},"end":{"line":76,"column":14}},"21":{"start":{"line":82,"column":4},"end":{"line":84,"column":9}},"22":{"start":{"line":83,"column":8},"end":{"line":83,"column":15}},"23":{"start":{"line":85,"column":4},"end":{"line":194,"column":5}},"24":{"start":{"line":91,"column":8},"end":{"line":99,"column":10}},"25":{"start":{"line":98,"column":12},"end":{"line":98,"column":35}},"26":{"start":{"line":102,"column":8},"end":{"line":104,"column":63}},"27":{"start":{"line":105,"column":8},"end":{"line":105,"column":14}},"28":{"start":{"line":112,"column":8},"end":{"line":121,"column":10},"skip":true},"29":{"start":{"line":119,"column":12},"end":{"line":119,"column":55},"skip":true},"30":{"start":{"line":120,"column":12},"end":{"line":120,"column":48},"skip":true},"31":{"start":{"line":123,"column":8},"end":{"line":136,"column":10},"skip":true},"32":{"start":{"line":130,"column":12},"end":{"line":130,"column":76},"skip":true},"33":{"start":{"line":131,"column":12},"end":{"line":131,"column":73},"skip":true},"34":{"start":{"line":132,"column":12},"end":{"line":132,"column":74},"skip":true},"35":{"start":{"line":133,"column":12},"end":{"line":133,"column":79},"skip":true},"36":{"start":{"line":134,"column":12},"end":{"line":134,"column":25},"skip":true},"37":{"start":{"line":135,"column":12},"end":{"line":135,"column":45},"skip":true},"38":{"start":{"line":138,"column":8},"end":{"line":145,"column":14},"skip":true},"39":{"start":{"line":143,"column":16},"end":{"line":143,"column":29},"skip":true},"40":{"start":{"line":144,"column":16},"end":{"line":144,"column":55},"skip":true},"41":{"start":{"line":147,"column":8},"end":{"line":156,"column":10},"skip":true},"42":{"start":{"line":154,"column":12},"end":{"line":154,"column":25},"skip":true},"43":{"start":{"line":155,"column":12},"end":{"line":155,"column":45},"skip":true},"44":{"start":{"line":158,"column":8},"end":{"line":167,"column":10},"skip":true},"45":{"start":{"line":165,"column":12},"end":{"line":165,"column":25},"skip":true},"46":{"start":{"line":166,"column":12},"end":{"line":166,"column":48},"skip":true},"47":{"start":{"line":169,"column":8},"end":{"line":178,"column":10},"skip":true},"48":{"start":{"line":176,"column":12},"end":{"line":176,"column":25},"skip":true},"49":{"start":{"line":177,"column":12},"end":{"line":177,"column":46},"skip":true},"50":{"start":{"line":180,"column":8},"end":{"line":189,"column":10},"skip":true},"51":{"start":{"line":187,"column":12},"end":{"line":187,"column":94},"skip":true},"52":{"start":{"line":188,"column":12},"end":{"line":188,"column":48},"skip":true},"53":{"start":{"line":192,"column":8},"end":{"line":192,"column":35},"skip":true},"54":{"start":{"line":193,"column":8},"end":{"line":193,"column":14},"skip":true}},"branchMap":{"1":{"line":25,"type":"binary-expr","locations":[{"start":{"line":25,"column":23},"end":{"line":25,"column":62}},{"start":{"line":26,"column":20},"end":{"line":26,"column":70}},{"start":{"line":27,"column":20},"end":{"line":27,"column":71}},{"start":{"line":28,"column":20},"end":{"line":28,"column":29}}]},"2":{"line":30,"type":"binary-expr","locations":[{"start":{"line":30,"column":23},"end":{"line":30,"column":37}},{"start":{"line":31,"column":20},"end":{"line":31,"column":61}},{"start":{"line":32,"column":20},"end":{"line":32,"column":70}},{"start":{"line":33,"column":20},"end":{"line":33,"column":26}}]},"3":{"line":37,"type":"cond-expr","locations":[{"start":{"line":38,"column":14},"end":{"line":38,"column":20}},{"start":{"line":39,"column":14},"end":{"line":39,"column":20}}]},"4":{"line":40,"type":"switch","locations":[{"start":{"line":42,"column":8},"end":{"line":47,"column":18}},{"start":{"line":49,"column":8},"end":{"line":52,"column":18}}]},"5":{"line":44,"type":"binary-expr","locations":[{"start":{"line":44,"column":16},"end":{"line":44,"column":44}},{"start":{"line":44,"column":48},"end":{"line":44,"column":66}}]},"6":{"line":50,"type":"binary-expr","locations":[{"start":{"line":50,"column":21},"end":{"line":50,"column":49}},{"start":{"line":50,"column":53},"end":{"line":50,"column":72}}]},"7":{"line":64,"type":"switch","locations":[{"start":{"line":69,"column":4},"end":{"line":70,"column":14}},{"start":{"line":75,"column":4},"end":{"line":76,"column":14}}]},"8":{"line":85,"type":"switch","locations":[{"start":{"line":90,"column":4},"end":{"line":105,"column":14}},{"start":{"line":111,"column":4},"end":{"line":193,"column":14},"skip":true}]},"9":{"line":91,"type":"binary-expr","locations":[{"start":{"line":91,"column":42},"end":{"line":91,"column":73}},{"start":{"line":91,"column":77},"end":{"line":99,"column":9}}]},"10":{"line":102,"type":"binary-expr","locations":[{"start":{"line":102,"column":18},"end":{"line":102,"column":32}},{"start":{"line":103,"column":12},"end":{"line":103,"column":53}},{"start":{"line":104,"column":12},"end":{"line":104,"column":61}}]},"11":{"line":112,"type":"binary-expr","locations":[{"start":{"line":112,"column":45},"end":{"line":112,"column":79},"skip":true},{"start":{"line":112,"column":83},"end":{"line":121,"column":9},"skip":true}]},"12":{"line":123,"type":"binary-expr","locations":[{"start":{"line":123,"column":42},"end":{"line":123,"column":73},"skip":true},{"start":{"line":123,"column":77},"end":{"line":136,"column":9},"skip":true}]},"13":{"line":138,"type":"binary-expr","locations":[{"start":{"line":138,"column":48},"end":{"line":138,"column":85},"skip":true},{"start":{"line":139,"column":12},"end":{"line":145,"column":13},"skip":true}]},"14":{"line":147,"type":"binary-expr","locations":[{"start":{"line":147,"column":42},"end":{"line":147,"column":73},"skip":true},{"start":{"line":147,"column":77},"end":{"line":156,"column":9},"skip":true}]},"15":{"line":158,"type":"binary-expr","locations":[{"start":{"line":158,"column":45},"end":{"line":158,"column":79},"skip":true},{"start":{"line":158,"column":83},"end":{"line":167,"column":9},"skip":true}]},"16":{"line":169,"type":"binary-expr","locations":[{"start":{"line":169,"column":43},"end":{"line":169,"column":75},"skip":true},{"start":{"line":169,"column":79},"end":{"line":178,"column":9},"skip":true}]},"17":{"line":180,"type":"binary-expr","locations":[{"start":{"line":180,"column":41},"end":{"line":180,"column":71},"skip":true},{"start":{"line":180,"column":75},"end":{"line":189,"column":9},"skip":true}]}},"code":["/* istanbul instrument in package npmtest_webpack_svgstore_plugin */","/*jslint","    bitwise: true,","    browser: true,","    maxerr: 8,","    maxlen: 96,","    node: true,","    nomen: true,","    regexp: true,","    stupid: true","*/","(function () {","    'use strict';","    var local;","","","","    // run shared js-env code - init-before","    (function () {","        // init local","        local = {};","        // init modeJs","        local.modeJs = (function () {","            try {","                return typeof navigator.userAgent === 'string' &&","                    typeof document.querySelector('body') === 'object' &&","                    typeof XMLHttpRequest.prototype.open === 'function' &&","                    'browser';","            } catch (errorCaughtBrowser) {","                return module.exports &&","                    typeof process.versions.node === 'string' &&","                    typeof require('http').createServer === 'function' &&","                    'node';","            }","        }());","        // init global","        local.global = local.modeJs === 'browser'","            ? window","            : global;","        switch (local.modeJs) {","        // re-init local from window.local","        case 'browser':","            local = local.global.utility2.objectSetDefault(","                local.global.utility2_rollup || local.global.local,","                local.global.utility2","            );","            break;","        // re-init local from example.js","        case 'node':","            local = (local.global.utility2_rollup || require('utility2'))","                .requireReadme();","            break;","        }","        // export local","        local.global.local = local;","    }());","","","","    // run shared js-env code - function","    (function () {","        return;","    }());","    switch (local.modeJs) {","","","","    // run browser js-env code - function","    case 'browser':","        break;","","","","    // run node js-env code - function","    case 'node':","        break;","    }","","","","    // run shared js-env code - init-after","    (function () {","        return;","    }());","    switch (local.modeJs) {","","","","    // run browser js-env code - init-after","    case 'browser':","        local.testCase_browser_nullCase = local.testCase_browser_nullCase || function (","            options,","            onError","        ) {","        /*","         * this function will test browsers's null-case handling-behavior-behavior","         */","            onError(null, options);","        };","","        // run tests","        local.nop(local.modeTest &&","            document.querySelector('#testRunButton1') &&","            document.querySelector('#testRunButton1').click());","        break;","","","","    // run node js-env code - init-after","    /* istanbul ignore next */","    case 'node':","        local.testCase_buildApidoc_default = local.testCase_buildApidoc_default || function (","            options,","            onError","        ) {","        /*","         * this function will test buildApidoc's default handling-behavior-behavior","         */","            options = { modulePathList: module.paths };","            local.buildApidoc(options, onError);","        };","","        local.testCase_buildApp_default = local.testCase_buildApp_default || function (","            options,","            onError","        ) {","        /*","         * this function will test buildApp's default handling-behavior-behavior","         */","            local.testCase_buildReadme_default(options, local.onErrorThrow);","            local.testCase_buildLib_default(options, local.onErrorThrow);","            local.testCase_buildTest_default(options, local.onErrorThrow);","            local.testCase_buildCustomOrg_default(options, local.onErrorThrow);","            options = [];","            local.buildApp(options, onError);","        };","","        local.testCase_buildCustomOrg_default = local.testCase_buildCustomOrg_default ||","            function (options, onError) {","            /*","             * this function will test buildCustomOrg's default handling-behavior","             */","                options = {};","                local.buildCustomOrg(options, onError);","            };","","        local.testCase_buildLib_default = local.testCase_buildLib_default || function (","            options,","            onError","        ) {","        /*","         * this function will test buildLib's default handling-behavior","         */","            options = {};","            local.buildLib(options, onError);","        };","","        local.testCase_buildReadme_default = local.testCase_buildReadme_default || function (","            options,","            onError","        ) {","        /*","         * this function will test buildReadme's default handling-behavior-behavior","         */","            options = {};","            local.buildReadme(options, onError);","        };","","        local.testCase_buildTest_default = local.testCase_buildTest_default || function (","            options,","            onError","        ) {","        /*","         * this function will test buildTest's default handling-behavior","         */","            options = {};","            local.buildTest(options, onError);","        };","","        local.testCase_webpage_default = local.testCase_webpage_default || function (","            options,","            onError","        ) {","        /*","         * this function will test webpage's default handling-behavior","         */","            options = { modeCoverageMerge: true, url: local.serverLocalHost + '?modeTest=1' };","            local.browserTest(options, onError);","        };","","        // run test-server","        local.testRunServer(local);","        break;","    }","}());",""],"l":{"12":2,"14":2,"19":2,"21":2,"23":2,"24":2,"25":2,"30":1,"37":2,"40":2,"43":1,"47":1,"50":1,"52":1,"55":2,"61":2,"62":2,"64":2,"70":1,"76":1,"82":2,"83":2,"85":2,"91":1,"98":1,"102":1,"105":1,"112":1,"119":1,"120":1,"123":1,"130":1,"131":1,"132":1,"133":1,"134":1,"135":1,"138":1,"143":2,"144":2,"147":1,"154":2,"155":2,"158":1,"165":2,"166":2,"169":1,"176":2,"177":2,"180":1,"187":1,"188":1,"192":1,"193":1}},"/home/travis/build/npmtest/node-npmtest-webpack-svgstore-plugin/lib.npmtest_webpack_svgstore_plugin.js":{"path":"/home/travis/build/npmtest/node-npmtest-webpack-svgstore-plugin/lib.npmtest_webpack_svgstore_plugin.js","s":{"1":2,"2":2,"3":2,"4":2,"5":2,"6":2,"7":2,"8":1,"9":2,"10":2,"11":2,"12":2,"13":1,"14":1,"15":1,"16":1},"b":{"1":[2,1,1,1],"2":[1,1,1,1],"3":[1,1],"4":[2,2],"5":[1,1]},"f":{"1":2,"2":2,"3":2},"fnMap":{"1":{"name":"(anonymous_1)","line":12,"loc":{"start":{"line":12,"column":1},"end":{"line":12,"column":13}}},"2":{"name":"(anonymous_2)","line":19,"loc":{"start":{"line":19,"column":5},"end":{"line":19,"column":17}}},"3":{"name":"(anonymous_3)","line":23,"loc":{"start":{"line":23,"column":24},"end":{"line":23,"column":36}}}},"statementMap":{"1":{"start":{"line":12,"column":0},"end":{"line":53,"column":5}},"2":{"start":{"line":14,"column":4},"end":{"line":14,"column":14}},"3":{"start":{"line":19,"column":4},"end":{"line":52,"column":9}},"4":{"start":{"line":21,"column":8},"end":{"line":21,"column":19}},"5":{"start":{"line":23,"column":8},"end":{"line":35,"column":13}},"6":{"start":{"line":24,"column":12},"end":{"line":34,"column":13}},"7":{"start":{"line":25,"column":16},"end":{"line":28,"column":30}},"8":{"start":{"line":30,"column":16},"end":{"line":33,"column":27}},"9":{"start":{"line":37,"column":8},"end":{"line":39,"column":21}},"10":{"start":{"line":41,"column":8},"end":{"line":41,"column":54}},"11":{"start":{"line":43,"column":8},"end":{"line":43,"column":68}},"12":{"start":{"line":45,"column":8},"end":{"line":51,"column":9}},"13":{"start":{"line":46,"column":12},"end":{"line":46,"column":74}},"14":{"start":{"line":48,"column":12},"end":{"line":48,"column":35}},"15":{"start":{"line":49,"column":12},"end":{"line":49,"column":49}},"16":{"start":{"line":50,"column":12},"end":{"line":50,"column":43}}},"branchMap":{"1":{"line":25,"type":"binary-expr","locations":[{"start":{"line":25,"column":23},"end":{"line":25,"column":62}},{"start":{"line":26,"column":20},"end":{"line":26,"column":70}},{"start":{"line":27,"column":20},"end":{"line":27,"column":71}},{"start":{"line":28,"column":20},"end":{"line":28,"column":29}}]},"2":{"line":30,"type":"binary-expr","locations":[{"start":{"line":30,"column":23},"end":{"line":30,"column":37}},{"start":{"line":31,"column":20},"end":{"line":31,"column":61}},{"start":{"line":32,"column":20},"end":{"line":32,"column":70}},{"start":{"line":33,"column":20},"end":{"line":33,"column":26}}]},"3":{"line":37,"type":"cond-expr","locations":[{"start":{"line":38,"column":14},"end":{"line":38,"column":20}},{"start":{"line":39,"column":14},"end":{"line":39,"column":20}}]},"4":{"line":41,"type":"binary-expr","locations":[{"start":{"line":41,"column":16},"end":{"line":41,"column":44}},{"start":{"line":41,"column":48},"end":{"line":41,"column":53}}]},"5":{"line":45,"type":"if","locations":[{"start":{"line":45,"column":8},"end":{"line":45,"column":8}},{"start":{"line":45,"column":8},"end":{"line":45,"column":8}}]}},"code":["/* istanbul instrument in package npmtest_webpack_svgstore_plugin */","/*jslint","    bitwise: true,","    browser: true,","    maxerr: 8,","    maxlen: 96,","    node: true,","    nomen: true,","    regexp: true,","    stupid: true","*/","(function () {","    'use strict';","    var local;","","","","    // run shared js-env code - init-before","    (function () {","        // init local","        local = {};","        // init modeJs","        local.modeJs = (function () {","            try {","                return typeof navigator.userAgent === 'string' &&","                    typeof document.querySelector('body') === 'object' &&","                    typeof XMLHttpRequest.prototype.open === 'function' &&","                    'browser';","            } catch (errorCaughtBrowser) {","                return module.exports &&","                    typeof process.versions.node === 'string' &&","                    typeof require('http').createServer === 'function' &&","                    'node';","            }","        }());","        // init global","        local.global = local.modeJs === 'browser'","            ? window","            : global;","        // init utility2_rollup","        local = local.global.utility2_rollup || local;","        // init lib","        local.local = local.npmtest_webpack_svgstore_plugin = local;","        // init exports","        if (local.modeJs === 'browser') {","            local.global.utility2_npmtest_webpack_svgstore_plugin = local;","        } else {","            module.exports = local;","            module.exports.__dirname = __dirname;","            module.exports.module = module;","        }","    }());","}());",""],"l":{"12":2,"14":2,"19":2,"21":2,"23":2,"24":2,"25":2,"30":1,"37":2,"41":2,"43":2,"45":2,"46":1,"48":1,"49":1,"50":1}},"/home/travis/build/npmtest/node-npmtest-webpack-svgstore-plugin/example.js":{"path":"/home/travis/build/npmtest/node-npmtest-webpack-svgstore-plugin/example.js","s":{"1":2,"2":2,"3":2,"4":2,"5":2,"6":2,"7":2,"8":1,"9":2,"10":2,"11":2,"12":2,"13":1,"14":2,"15":2,"16":2,"17":2,"18":2,"19":0,"20":2,"21":1,"22":1,"23":1,"24":1,"25":1,"26":0,"27":0,"28":1,"29":1,"30":2,"31":0,"32":0,"33":0,"34":1,"35":2,"36":2,"37":3,"38":3,"39":3,"40":3,"41":0,"42":3,"43":3,"44":3,"45":1,"46":3,"47":1,"48":1,"49":1,"50":1,"51":1,"52":1,"53":1,"54":1,"55":1,"56":1,"57":0,"58":1,"59":6,"60":6,"61":1,"62":2,"63":0,"64":2,"65":1,"66":1,"67":0,"68":0,"69":0,"70":0,"71":0,"72":0,"73":0,"74":0,"75":0,"76":0,"77":0,"78":0,"79":0,"80":0,"81":0,"82":0,"83":0},"b":{"1":[2,1,1,1],"2":[1,1,1,1],"3":[1,1],"4":[2,2],"5":[1,1],"6":[1,1],"7":[2,0],"8":[2,1,1,1,1,1],"9":[0,2,0],"10":[1,1],"11":[2,1,1],"12":[1,0],"13":[0,2],"14":[2,0,0,0,0,0,0],"15":[0,3],"16":[3,0],"17":[1,1],"18":[0,1],"19":[1,2,0,2],"20":[1,0],"21":[1,1],"22":[0,0],"23":[0,0],"24":[0,0],"25":[0,0],"26":[0,0],"27":[0,0],"28":[0,0]},"f":{"1":2,"2":2,"3":2,"4":2,"5":2,"6":2,"7":3,"8":3,"9":3,"10":1,"11":6,"12":0},"fnMap":{"1":{"name":"(anonymous_1)","line":26,"loc":{"start":{"line":26,"column":1},"end":{"line":26,"column":13}}},"2":{"name":"(anonymous_2)","line":33,"loc":{"start":{"line":33,"column":5},"end":{"line":33,"column":17}}},"3":{"name":"(anonymous_3)","line":37,"loc":{"start":{"line":37,"column":24},"end":{"line":37,"column":36}}},"4":{"name":"(anonymous_4)","line":69,"loc":{"start":{"line":69,"column":31},"end":{"line":69,"column":48}},"skip":true},"5":{"name":"(anonymous_5)","line":78,"loc":{"start":{"line":78,"column":26},"end":{"line":78,"column":45}},"skip":true},"6":{"name":"(anonymous_6)","line":123,"loc":{"start":{"line":123,"column":33},"end":{"line":123,"column":48}},"skip":true},"7":{"name":"(anonymous_7)","line":125,"loc":{"start":{"line":125,"column":27},"end":{"line":125,"column":39}},"skip":true},"8":{"name":"(anonymous_8)","line":133,"loc":{"start":{"line":133,"column":59},"end":{"line":133,"column":74}},"skip":true},"9":{"name":"(anonymous_9)","line":143,"loc":{"start":{"line":143,"column":45},"end":{"line":143,"column":62}},"skip":true},"10":{"name":"(anonymous_10)","line":144,"loc":{"start":{"line":144,"column":73},"end":{"line":144,"column":92}},"skip":true},"11":{"name":"(anonymous_11)","line":272,"loc":{"start":{"line":272,"column":51},"end":{"line":272,"column":77}},"skip":true},"12":{"name":"(anonymous_12)","line":315,"loc":{"start":{"line":315,"column":32},"end":{"line":315,"column":61}},"skip":true}},"statementMap":{"1":{"start":{"line":26,"column":0},"end":{"line":326,"column":5}},"2":{"start":{"line":28,"column":4},"end":{"line":28,"column":14}},"3":{"start":{"line":33,"column":4},"end":{"line":60,"column":9}},"4":{"start":{"line":35,"column":8},"end":{"line":35,"column":19}},"5":{"start":{"line":37,"column":8},"end":{"line":49,"column":13}},"6":{"start":{"line":38,"column":12},"end":{"line":48,"column":13}},"7":{"start":{"line":39,"column":16},"end":{"line":42,"column":30}},"8":{"start":{"line":44,"column":16},"end":{"line":47,"column":27}},"9":{"start":{"line":51,"column":8},"end":{"line":53,"column":21}},"10":{"start":{"line":55,"column":8},"end":{"line":57,"column":45}},"11":{"start":{"line":59,"column":8},"end":{"line":59,"column":35}},"12":{"start":{"line":61,"column":4},"end":{"line":325,"column":5}},"13":{"start":{"line":69,"column":8},"end":{"line":121,"column":10},"skip":true},"14":{"start":{"line":70,"column":12},"end":{"line":88,"column":13},"skip":true},"15":{"start":{"line":76,"column":16},"end":{"line":87,"column":19},"skip":true},"16":{"start":{"line":79,"column":20},"end":{"line":86,"column":21},"skip":true},"17":{"start":{"line":82,"column":24},"end":{"line":82,"column":43},"skip":true},"18":{"start":{"line":83,"column":24},"end":{"line":83,"column":30},"skip":true},"19":{"start":{"line":85,"column":24},"end":{"line":85,"column":49},"skip":true},"20":{"start":{"line":89,"column":12},"end":{"line":107,"column":13},"skip":true},"21":{"start":{"line":92,"column":16},"end":{"line":102,"column":17},"skip":true},"22":{"start":{"line":93,"column":20},"end":{"line":93,"column":86},"skip":true},"23":{"start":{"line":94,"column":20},"end":{"line":95,"column":45},"skip":true},"24":{"start":{"line":96,"column":20},"end":{"line":96,"column":42},"skip":true},"25":{"start":{"line":97,"column":20},"end":{"line":97,"column":48},"skip":true},"26":{"start":{"line":100,"column":20},"end":{"line":100,"column":85},"skip":true},"27":{"start":{"line":101,"column":20},"end":{"line":101,"column":96},"skip":true},"28":{"start":{"line":103,"column":16},"end":{"line":103,"column":22},"skip":true},"29":{"start":{"line":106,"column":16},"end":{"line":106,"column":22},"skip":true},"30":{"start":{"line":108,"column":12},"end":{"line":120,"column":13},"skip":true},"31":{"start":{"line":114,"column":16},"end":{"line":119,"column":17},"skip":true},"32":{"start":{"line":116,"column":20},"end":{"line":116,"column":78},"skip":true},"33":{"start":{"line":118,"column":20},"end":{"line":118,"column":47},"skip":true},"34":{"start":{"line":123,"column":8},"end":{"line":141,"column":11},"skip":true},"35":{"start":{"line":124,"column":12},"end":{"line":124,"column":54},"skip":true},"36":{"start":{"line":125,"column":12},"end":{"line":140,"column":14},"skip":true},"37":{"start":{"line":126,"column":16},"end":{"line":126,"column":28},"skip":true},"38":{"start":{"line":127,"column":16},"end":{"line":127,"column":69},"skip":true},"39":{"start":{"line":128,"column":16},"end":{"line":128,"column":75},"skip":true},"40":{"start":{"line":129,"column":16},"end":{"line":131,"column":17},"skip":true},"41":{"start":{"line":130,"column":20},"end":{"line":130,"column":27},"skip":true},"42":{"start":{"line":133,"column":16},"end":{"line":137,"column":36},"skip":true},"43":{"start":{"line":134,"column":20},"end":{"line":136,"column":55},"skip":true},"44":{"start":{"line":139,"column":16},"end":{"line":139,"column":57},"skip":true},"45":{"start":{"line":143,"column":8},"end":{"line":147,"column":11},"skip":true},"46":{"start":{"line":144,"column":12},"end":{"line":146,"column":15},"skip":true},"47":{"start":{"line":145,"column":16},"end":{"line":145,"column":70},"skip":true},"48":{"start":{"line":149,"column":8},"end":{"line":149,"column":31},"skip":true},"49":{"start":{"line":150,"column":8},"end":{"line":150,"column":14},"skip":true},"50":{"start":{"line":158,"column":8},"end":{"line":158,"column":31},"skip":true},"51":{"start":{"line":160,"column":8},"end":{"line":160,"column":33},"skip":true},"52":{"start":{"line":161,"column":8},"end":{"line":161,"column":37},"skip":true},"53":{"start":{"line":162,"column":8},"end":{"line":162,"column":35},"skip":true},"54":{"start":{"line":164,"column":8},"end":{"line":164,"column":50},"skip":true},"55":{"start":{"line":166,"column":8},"end":{"line":256,"column":2},"skip":true},"56":{"start":{"line":258,"column":8},"end":{"line":286,"column":9},"skip":true},"57":{"start":{"line":259,"column":12},"end":{"line":269,"column":14},"skip":true},"58":{"start":{"line":271,"column":12},"end":{"line":285,"column":19},"skip":true},"59":{"start":{"line":274,"column":20},"end":{"line":274,"column":35},"skip":true},"60":{"start":{"line":275,"column":20},"end":{"line":284,"column":21},"skip":true},"61":{"start":{"line":277,"column":24},"end":{"line":277,"column":64},"skip":true},"62":{"start":{"line":279,"column":24},"end":{"line":279,"column":40},"skip":true},"63":{"start":{"line":281,"column":24},"end":{"line":281,"column":40},"skip":true},"64":{"start":{"line":283,"column":24},"end":{"line":283,"column":39},"skip":true},"65":{"start":{"line":288,"column":8},"end":{"line":290,"column":9},"skip":true},"66":{"start":{"line":289,"column":12},"end":{"line":289,"column":18},"skip":true},"67":{"start":{"line":291,"column":8},"end":{"line":293,"column":54},"skip":true},"68":{"start":{"line":296,"column":8},"end":{"line":301,"column":37},"skip":true},"69":{"start":{"line":303,"column":8},"end":{"line":303,"column":82},"skip":true},"70":{"start":{"line":306,"column":8},"end":{"line":308,"column":9},"skip":true},"71":{"start":{"line":307,"column":12},"end":{"line":307,"column":82},"skip":true},"72":{"start":{"line":310,"column":8},"end":{"line":312,"column":9},"skip":true},"73":{"start":{"line":311,"column":12},"end":{"line":311,"column":18},"skip":true},"74":{"start":{"line":313,"column":8},"end":{"line":313,"column":54},"skip":true},"75":{"start":{"line":314,"column":8},"end":{"line":314,"column":69},"skip":true},"76":{"start":{"line":315,"column":8},"end":{"line":323,"column":36},"skip":true},"77":{"start":{"line":316,"column":12},"end":{"line":316,"column":61},"skip":true},"78":{"start":{"line":317,"column":12},"end":{"line":320,"column":13},"skip":true},"79":{"start":{"line":318,"column":16},"end":{"line":318,"column":75},"skip":true},"80":{"start":{"line":319,"column":16},"end":{"line":319,"column":23},"skip":true},"81":{"start":{"line":321,"column":12},"end":{"line":321,"column":38},"skip":true},"82":{"start":{"line":322,"column":12},"end":{"line":322,"column":27},"skip":true},"83":{"start":{"line":324,"column":8},"end":{"line":324,"column":14},"skip":true}},"branchMap":{"1":{"line":39,"type":"binary-expr","locations":[{"start":{"line":39,"column":23},"end":{"line":39,"column":62}},{"start":{"line":40,"column":20},"end":{"line":40,"column":70}},{"start":{"line":41,"column":20},"end":{"line":41,"column":71}},{"start":{"line":42,"column":20},"end":{"line":42,"column":29}}]},"2":{"line":44,"type":"binary-expr","locations":[{"start":{"line":44,"column":23},"end":{"line":44,"column":37}},{"start":{"line":45,"column":20},"end":{"line":45,"column":61}},{"start":{"line":46,"column":20},"end":{"line":46,"column":70}},{"start":{"line":47,"column":20},"end":{"line":47,"column":26}}]},"3":{"line":51,"type":"cond-expr","locations":[{"start":{"line":52,"column":14},"end":{"line":52,"column":20}},{"start":{"line":53,"column":14},"end":{"line":53,"column":20}}]},"4":{"line":55,"type":"binary-expr","locations":[{"start":{"line":55,"column":16},"end":{"line":55,"column":44}},{"start":{"line":55,"column":49},"end":{"line":57,"column":43}}]},"5":{"line":55,"type":"cond-expr","locations":[{"start":{"line":56,"column":14},"end":{"line":56,"column":67}},{"start":{"line":57,"column":14},"end":{"line":57,"column":43}}]},"6":{"line":61,"type":"switch","locations":[{"start":{"line":68,"column":4},"end":{"line":150,"column":14},"skip":true},{"start":{"line":156,"column":4},"end":{"line":324,"column":14},"skip":true}]},"7":{"line":70,"type":"if","locations":[{"start":{"line":70,"column":12},"end":{"line":70,"column":12},"skip":true},{"start":{"line":70,"column":12},"end":{"line":70,"column":12},"skip":true}]},"8":{"line":70,"type":"binary-expr","locations":[{"start":{"line":70,"column":16},"end":{"line":70,"column":22},"skip":true},{"start":{"line":70,"column":27},"end":{"line":70,"column":32},"skip":true},{"start":{"line":71,"column":20},"end":{"line":71,"column":39},"skip":true},{"start":{"line":72,"column":20},"end":{"line":72,"column":49},"skip":true},{"start":{"line":73,"column":20},"end":{"line":73,"column":58},"skip":true},{"start":{"line":74,"column":20},"end":{"line":74,"column":69},"skip":true}]},"9":{"line":79,"type":"switch","locations":[{"start":{"line":80,"column":20},"end":{"line":80,"column":33},"skip":true},{"start":{"line":81,"column":20},"end":{"line":83,"column":30},"skip":true},{"start":{"line":84,"column":20},"end":{"line":85,"column":49},"skip":true}]},"10":{"line":89,"type":"switch","locations":[{"start":{"line":90,"column":12},"end":{"line":103,"column":22},"skip":true},{"start":{"line":105,"column":12},"end":{"line":106,"column":22},"skip":true}]},"11":{"line":89,"type":"binary-expr","locations":[{"start":{"line":89,"column":20},"end":{"line":89,"column":25},"skip":true},{"start":{"line":89,"column":29},"end":{"line":89,"column":48},"skip":true},{"start":{"line":89,"column":52},"end":{"line":89,"column":74},"skip":true}]},"12":{"line":92,"type":"if","locations":[{"start":{"line":92,"column":16},"end":{"line":92,"column":16},"skip":true},{"start":{"line":92,"column":16},"end":{"line":92,"column":16},"skip":true}]},"13":{"line":108,"type":"if","locations":[{"start":{"line":108,"column":12},"end":{"line":108,"column":12},"skip":true},{"start":{"line":108,"column":12},"end":{"line":108,"column":12},"skip":true}]},"14":{"line":108,"type":"binary-expr","locations":[{"start":{"line":108,"column":16},"end":{"line":108,"column":61},"skip":true},{"start":{"line":108,"column":66},"end":{"line":108,"column":72},"skip":true},{"start":{"line":108,"column":77},"end":{"line":108,"column":82},"skip":true},{"start":{"line":109,"column":20},"end":{"line":109,"column":39},"skip":true},{"start":{"line":110,"column":20},"end":{"line":110,"column":49},"skip":true},{"start":{"line":111,"column":20},"end":{"line":111,"column":58},"skip":true},{"start":{"line":112,"column":20},"end":{"line":112,"column":68},"skip":true}]},"15":{"line":129,"type":"if","locations":[{"start":{"line":129,"column":16},"end":{"line":129,"column":16},"skip":true},{"start":{"line":129,"column":16},"end":{"line":129,"column":16},"skip":true}]},"16":{"line":134,"type":"cond-expr","locations":[{"start":{"line":135,"column":26},"end":{"line":135,"column":29},"skip":true},{"start":{"line":136,"column":26},"end":{"line":136,"column":54},"skip":true}]},"17":{"line":164,"type":"binary-expr","locations":[{"start":{"line":164,"column":27},"end":{"line":164,"column":43},"skip":true},{"start":{"line":164,"column":47},"end":{"line":164,"column":49},"skip":true}]},"18":{"line":258,"type":"if","locations":[{"start":{"line":258,"column":8},"end":{"line":258,"column":8},"skip":true},{"start":{"line":258,"column":8},"end":{"line":258,"column":8},"skip":true}]},"19":{"line":275,"type":"switch","locations":[{"start":{"line":276,"column":20},"end":{"line":277,"column":64},"skip":true},{"start":{"line":278,"column":20},"end":{"line":279,"column":40},"skip":true},{"start":{"line":280,"column":20},"end":{"line":281,"column":40},"skip":true},{"start":{"line":282,"column":20},"end":{"line":283,"column":39},"skip":true}]},"20":{"line":288,"type":"if","locations":[{"start":{"line":288,"column":8},"end":{"line":288,"column":8},"skip":true},{"start":{"line":288,"column":8},"end":{"line":288,"column":8},"skip":true}]},"21":{"line":288,"type":"binary-expr","locations":[{"start":{"line":288,"column":12},"end":{"line":288,"column":40},"skip":true},{"start":{"line":288,"column":44},"end":{"line":288,"column":67},"skip":true}]},"22":{"line":292,"type":"binary-expr","locations":[{"start":{"line":292,"column":12},"end":{"line":292,"column":50},"skip":true},{"start":{"line":293,"column":12},"end":{"line":293,"column":53},"skip":true}]},"23":{"line":297,"type":"binary-expr","locations":[{"start":{"line":297,"column":12},"end":{"line":297,"column":81},"skip":true},{"start":{"line":298,"column":12},"end":{"line":301,"column":36},"skip":true}]},"24":{"line":303,"type":"binary-expr","locations":[{"start":{"line":303,"column":43},"end":{"line":303,"column":75},"skip":true},{"start":{"line":303,"column":79},"end":{"line":303,"column":81},"skip":true}]},"25":{"line":306,"type":"if","locations":[{"start":{"line":306,"column":8},"end":{"line":306,"column":8},"skip":true},{"start":{"line":306,"column":8},"end":{"line":306,"column":8},"skip":true}]},"26":{"line":310,"type":"if","locations":[{"start":{"line":310,"column":8},"end":{"line":310,"column":8},"skip":true},{"start":{"line":310,"column":8},"end":{"line":310,"column":8},"skip":true}]},"27":{"line":313,"type":"binary-expr","locations":[{"start":{"line":313,"column":27},"end":{"line":313,"column":43},"skip":true},{"start":{"line":313,"column":47},"end":{"line":313,"column":53},"skip":true}]},"28":{"line":317,"type":"if","locations":[{"start":{"line":317,"column":12},"end":{"line":317,"column":12},"skip":true},{"start":{"line":317,"column":12},"end":{"line":317,"column":12},"skip":true}]}},"code":["/*","example.js","","quickstart example","","instruction","    1. save this script as example.js","    2. run the shell command:","        $ npm install npmtest-webpack-svgstore-plugin && PORT=8081 node example.js","    3. play with the browser-demo on http://127.0.0.1:8081","*/","","","","/* istanbul instrument in package npmtest_webpack_svgstore_plugin */","/*jslint","    bitwise: true,","    browser: true,","    maxerr: 8,","    maxlen: 96,","    node: true,","    nomen: true,","    regexp: true,","    stupid: true","*/","(function () {","    'use strict';","    var local;","","","","    // run shared js-env code - init-before","    (function () {","        // init local","        local = {};","        // init modeJs","        local.modeJs = (function () {","            try {","                return typeof navigator.userAgent === 'string' &&","                    typeof document.querySelector('body') === 'object' &&","                    typeof XMLHttpRequest.prototype.open === 'function' &&","                    'browser';","            } catch (errorCaughtBrowser) {","                return module.exports &&","                    typeof process.versions.node === 'string' &&","                    typeof require('http').createServer === 'function' &&","                    'node';","            }","        }());","        // init global","        local.global = local.modeJs === 'browser'","            ? window","            : global;","        // init utility2_rollup","        local = local.global.utility2_rollup || (local.modeJs === 'browser'","            ? local.global.utility2_npmtest_webpack_svgstore_plugin","            : global.utility2_moduleExports);","        // export local","        local.global.local = local;","    }());","    switch (local.modeJs) {","","","","    // init-after","    // run browser js-env code - init-after","    /* istanbul ignore next */","    case 'browser':","        local.testRunBrowser = function (event) {","            if (!event || (event &&","                    event.currentTarget &&","                    event.currentTarget.className &&","                    event.currentTarget.className.includes &&","                    event.currentTarget.className.includes('onreset'))) {","                // reset output","                Array.from(","                    document.querySelectorAll('body > .resettable')","                ).forEach(function (element) {","                    switch (element.tagName) {","                    case 'INPUT':","                    case 'TEXTAREA':","                        element.value = '';","                        break;","                    default:","                        element.textContent = '';","                    }","                });","            }","            switch (event && event.currentTarget && event.currentTarget.id) {","            case 'testRunButton1':","                // show tests","                if (document.querySelector('#testReportDiv1').style.display === 'none') {","                    document.querySelector('#testReportDiv1').style.display = 'block';","                    document.querySelector('#testRunButton1').textContent =","                        'hide internal test';","                    local.modeTest = true;","                    local.testRunDefault(local);","                // hide tests","                } else {","                    document.querySelector('#testReportDiv1').style.display = 'none';","                    document.querySelector('#testRunButton1').textContent = 'run internal test';","                }","                break;","            // custom-case","            default:","                break;","            }","            if (document.querySelector('#inputTextareaEval1') && (!event || (event &&","                    event.currentTarget &&","                    event.currentTarget.className &&","                    event.currentTarget.className.includes &&","                    event.currentTarget.className.includes('oneval')))) {","                // try to eval input-code","                try {","                    /*jslint evil: true*/","                    eval(document.querySelector('#inputTextareaEval1').value);","                } catch (errorCaught) {","                    console.error(errorCaught);","                }","            }","        };","        // log stderr and stdout to #outputTextareaStdout1","        ['error', 'log'].forEach(function (key) {","            console[key + '_original'] = console[key];","            console[key] = function () {","                var element;","                console[key + '_original'].apply(console, arguments);","                element = document.querySelector('#outputTextareaStdout1');","                if (!element) {","                    return;","                }","                // append text to #outputTextareaStdout1","                element.value += Array.from(arguments).map(function (arg) {","                    return typeof arg === 'string'","                        ? arg","                        : JSON.stringify(arg, null, 4);","                }).join(' ') + '\\n';","                // scroll textarea to bottom","                element.scrollTop = element.scrollHeight;","            };","        });","        // init event-handling","        ['change', 'click', 'keyup'].forEach(function (event) {","            Array.from(document.querySelectorAll('.on' + event)).forEach(function (element) {","                element.addEventListener(event, local.testRunBrowser);","            });","        });","        // run tests","        local.testRunBrowser();","        break;","","","","    // run node js-env code - init-after","    /* istanbul ignore next */","    case 'node':","        // export local","        module.exports = local;","        // require modules","        local.fs = require('fs');","        local.http = require('http');","        local.url = require('url');","        // init assets","        local.assetsDict = local.assetsDict || {};","        /* jslint-ignore-begin */","        local.assetsDict['/assets.index.template.html'] = '\\","<!doctype html>\\n\\","<html lang=\"en\">\\n\\","<head>\\n\\","<meta charset=\"UTF-8\">\\n\\","<meta name=\"viewport\" content=\"width=device-width, initial-scale=1\">\\n\\","<title>{{env.npm_package_name}} (v{{env.npm_package_version}})</title>\\n\\","<style>\\n\\","/*csslint\\n\\","    box-sizing: false,\\n\\","    universal-selector: false\\n\\","*/\\n\\","* {\\n\\","    box-sizing: border-box;\\n\\","}\\n\\","body {\\n\\","    background: #dde;\\n\\","    font-family: Arial, Helvetica, sans-serif;\\n\\","    margin: 2rem;\\n\\","}\\n\\","body > * {\\n\\","    margin-bottom: 1rem;\\n\\","}\\n\\",".utility2FooterDiv {\\n\\","    margin-top: 20px;\\n\\","    text-align: center;\\n\\","}\\n\\","</style>\\n\\","<style>\\n\\","/*csslint\\n\\","*/\\n\\","textarea {\\n\\","    font-family: monospace;\\n\\","    height: 10rem;\\n\\","    width: 100%;\\n\\","}\\n\\","textarea[readonly] {\\n\\","    background: #ddd;\\n\\","}\\n\\","</style>\\n\\","</head>\\n\\","<body>\\n\\","<!-- utility2-comment\\n\\","<div id=\"ajaxProgressDiv1\" style=\"background: #d00; height: 2px; left: 0; margin: 0; padding: 0; position: fixed; top: 0; transition: background 0.5s, width 1.5s; width: 25%;\"></div>\\n\\","utility2-comment -->\\n\\","<h1>\\n\\","<!-- utility2-comment\\n\\","    <a\\n\\","        {{#if env.npm_package_homepage}}\\n\\","        href=\"{{env.npm_package_homepage}}\"\\n\\","        {{/if env.npm_package_homepage}}\\n\\","        target=\"_blank\"\\n\\","    >\\n\\","utility2-comment -->\\n\\","        {{env.npm_package_name}} (v{{env.npm_package_version}})\\n\\","<!-- utility2-comment\\n\\","    </a>\\n\\","utility2-comment -->\\n\\","</h1>\\n\\","<h3>{{env.npm_package_description}}</h3>\\n\\","<!-- utility2-comment\\n\\","<h4><a download href=\"assets.app.js\">download standalone app</a></h4>\\n\\","<button class=\"onclick onreset\" id=\"testRunButton1\">run internal test</button><br>\\n\\","<div id=\"testReportDiv1\" style=\"display: none;\"></div>\\n\\","utility2-comment -->\\n\\","\\n\\","\\n\\","\\n\\","<label>stderr and stdout</label>\\n\\","<textarea class=\"resettable\" id=\"outputTextareaStdout1\" readonly></textarea>\\n\\","<!-- utility2-comment\\n\\","{{#if isRollup}}\\n\\","<script src=\"assets.app.js\"></script>\\n\\","{{#unless isRollup}}\\n\\","utility2-comment -->\\n\\","<script src=\"assets.utility2.rollup.js\"></script>\\n\\","<script src=\"jsonp.utility2._stateInit?callback=window.utility2._stateInit\"></script>\\n\\","<script src=\"assets.npmtest_webpack_svgstore_plugin.rollup.js\"></script>\\n\\","<script src=\"assets.example.js\"></script>\\n\\","<script src=\"assets.test.js\"></script>\\n\\","<!-- utility2-comment\\n\\","{{/if isRollup}}\\n\\","utility2-comment -->\\n\\","<div class=\"utility2FooterDiv\">\\n\\","    [ this app was created with\\n\\","    <a href=\"https://github.com/kaizhu256/node-utility2\" target=\"_blank\">utility2</a>\\n\\","    ]\\n\\","</div>\\n\\","</body>\\n\\","</html>\\n\\","';","        /* jslint-ignore-end */","        if (local.templateRender) {","            local.assetsDict['/'] = local.templateRender(","                local.assetsDict['/assets.index.template.html'],","                {","                    env: local.objectSetDefault(local.env, {","                        npm_package_description: 'the greatest app in the world!',","                        npm_package_name: 'my-app',","                        npm_package_nameAlias: 'my_app',","                        npm_package_version: '0.0.1'","                    })","                }","            );","        } else {","            local.assetsDict['/'] = local.assetsDict['/assets.index.template.html']","                .replace((/\\{\\{env\\.(\\w+?)\\}\\}/g), function (match0, match1) {","                    // jslint-hack","                    String(match0);","                    switch (match1) {","                    case 'npm_package_description':","                        return 'the greatest app in the world!';","                    case 'npm_package_name':","                        return 'my-app';","                    case 'npm_package_nameAlias':","                        return 'my_app';","                    case 'npm_package_version':","                        return '0.0.1';","                    }","                });","        }","        // run the cli","        if (local.global.utility2_rollup || module !== require.main) {","            break;","        }","        local.assetsDict['/assets.example.js'] =","            local.assetsDict['/assets.example.js'] ||","            local.fs.readFileSync(__filename, 'utf8');","        // bug-workaround - long $npm_package_buildCustomOrg","        /* jslint-ignore-begin */","        local.assetsDict['/assets.npmtest_webpack_svgstore_plugin.rollup.js'] =","            local.assetsDict['/assets.npmtest_webpack_svgstore_plugin.rollup.js'] ||","            local.fs.readFileSync(","                local.npmtest_webpack_svgstore_plugin.__dirname + '/lib.npmtest_webpack_svgstore_plugin.js',","                'utf8'","            ).replace((/^#!/), '//');","        /* jslint-ignore-end */","        local.assetsDict['/favicon.ico'] = local.assetsDict['/favicon.ico'] || '';","        // if $npm_config_timeout_exit exists,","        // then exit this process after $npm_config_timeout_exit ms","        if (Number(process.env.npm_config_timeout_exit)) {","            setTimeout(process.exit, Number(process.env.npm_config_timeout_exit));","        }","        // start server","        if (local.global.utility2_serverHttp1) {","            break;","        }","        process.env.PORT = process.env.PORT || '8081';","        console.error('server starting on port ' + process.env.PORT);","        local.http.createServer(function (request, response) {","            request.urlParsed = local.url.parse(request.url);","            if (local.assetsDict[request.urlParsed.pathname] !== undefined) {","                response.end(local.assetsDict[request.urlParsed.pathname]);","                return;","            }","            response.statusCode = 404;","            response.end();","        }).listen(process.env.PORT);","        break;","    }","}());",""],"l":{"26":2,"28":2,"33":2,"35":2,"37":2,"38":2,"39":2,"44":1,"51":2,"55":2,"59":2,"61":2,"69":1,"70":2,"76":2,"79":2,"82":2,"83":2,"85":1,"89":2,"92":1,"93":1,"94":1,"96":1,"97":1,"100":1,"101":1,"103":1,"106":1,"108":2,"114":1,"116":1,"118":1,"123":1,"124":2,"125":2,"126":3,"127":3,"128":3,"129":3,"130":1,"133":3,"134":3,"139":3,"143":1,"144":3,"145":1,"149":1,"150":1,"158":1,"160":1,"161":1,"162":1,"164":1,"166":1,"258":1,"259":1,"271":1,"274":6,"275":6,"277":1,"279":2,"281":1,"283":2,"288":1,"289":1,"291":1,"296":1,"303":1,"306":1,"307":1,"310":1,"311":1,"313":1,"314":1,"315":1,"316":1,"317":1,"318":1,"319":1,"321":1,"322":1,"324":1}},"/home/travis/build/npmtest/node-npmtest-webpack-svgstore-plugin/node_modules/webpack-svgstore-plugin/src/svgstore.js":{"path":"/home/travis/build/npmtest/node-npmtest-webpack-svgstore-plugin/node_modules/webpack-svgstore-plugin/src/svgstore.js","s":{"1":6,"2":6,"3":6,"4":6,"5":6,"6":0,"7":0,"8":0,"9":0,"10":0,"11":0,"12":0,"13":0,"14":0,"15":0,"16":0,"17":0,"18":0,"19":0,"20":0,"21":0,"22":0,"23":0,"24":0,"25":0,"26":0,"27":0,"28":0,"29":0,"30":0,"31":0,"32":0,"33":0,"34":0,"35":0,"36":0,"37":0,"38":0,"39":0,"40":0,"41":0,"42":0,"43":0,"44":0,"45":0,"46":0,"47":0,"48":0,"49":0},"b":{"1":[0,0],"2":[0,0,0],"3":[0,0],"4":[0,0],"5":[0,0],"6":[0,0]},"f":{"1":0,"2":0,"3":0,"4":0,"5":0,"6":0,"7":0},"fnMap":{"1":{"name":"(anonymous_1)","line":32,"loc":{"start":{"line":32,"column":13},"end":{"line":32,"column":23}}},"2":{"name":"(anonymous_2)","line":37,"loc":{"start":{"line":37,"column":9},"end":{"line":37,"column":23}}},"3":{"name":"(anonymous_3)","line":44,"loc":{"start":{"line":44,"column":19},"end":{"line":44,"column":34}}},"4":{"name":"(anonymous_4)","line":51,"loc":{"start":{"line":51,"column":33},"end":{"line":51,"column":49}}},"5":{"name":"(anonymous_5)","line":73,"loc":{"start":{"line":73,"column":7},"end":{"line":73,"column":18}}},"6":{"name":"(anonymous_6)","line":105,"loc":{"start":{"line":105,"column":24},"end":{"line":105,"column":36}}},"7":{"name":"(anonymous_7)","line":108,"loc":{"start":{"line":108,"column":26},"end":{"line":108,"column":38}}}},"statementMap":{"1":{"start":{"line":4,"column":0},"end":{"line":13,"column":2}},"2":{"start":{"line":16,"column":0},"end":{"line":16,"column":28}},"3":{"start":{"line":17,"column":0},"end":{"line":17,"column":29}},"4":{"start":{"line":18,"column":0},"end":{"line":18,"column":41}},"5":{"start":{"line":19,"column":0},"end":{"line":19,"column":76}},"6":{"start":{"line":20,"column":0},"end":{"line":20,"column":55}},"7":{"start":{"line":21,"column":0},"end":{"line":21,"column":31}},"8":{"start":{"line":33,"column":4},"end":{"line":33,"column":20}},"9":{"start":{"line":34,"column":4},"end":{"line":34,"column":50}},"10":{"start":{"line":38,"column":4},"end":{"line":41,"column":11}},"11":{"start":{"line":39,"column":8},"end":{"line":39,"column":30}},"12":{"start":{"line":40,"column":8},"end":{"line":40,"column":37}},"13":{"start":{"line":45,"column":4},"end":{"line":49,"column":6}},"14":{"start":{"line":51,"column":4},"end":{"line":62,"column":7}},"15":{"start":{"line":52,"column":6},"end":{"line":61,"column":7}},"16":{"start":{"line":54,"column":10},"end":{"line":54,"column":43}},"17":{"start":{"line":55,"column":10},"end":{"line":55,"column":16}},"18":{"start":{"line":57,"column":10},"end":{"line":57,"column":39}},"19":{"start":{"line":58,"column":10},"end":{"line":58,"column":16}},"20":{"start":{"line":60,"column":10},"end":{"line":60,"column":16}},"21":{"start":{"line":64,"column":4},"end":{"line":64,"column":83}},"22":{"start":{"line":65,"column":4},"end":{"line":65,"column":113}},"23":{"start":{"line":66,"column":4},"end":{"line":66,"column":59}},"24":{"start":{"line":67,"column":4},"end":{"line":67,"column":23}},"25":{"start":{"line":68,"column":4},"end":{"line":68,"column":44}},"26":{"start":{"line":70,"column":4},"end":{"line":70,"column":53}},"27":{"start":{"line":75,"column":4},"end":{"line":89,"column":7}},"28":{"start":{"line":77,"column":6},"end":{"line":77,"column":78}},"29":{"start":{"line":78,"column":6},"end":{"line":78,"column":91}},"30":{"start":{"line":80,"column":6},"end":{"line":88,"column":9}},"31":{"start":{"line":81,"column":8},"end":{"line":87,"column":11}},"32":{"start":{"line":82,"column":10},"end":{"line":82,"column":70}},"33":{"start":{"line":82,"column":63},"end":{"line":82,"column":70}},"34":{"start":{"line":83,"column":10},"end":{"line":83,"column":48}},"35":{"start":{"line":84,"column":10},"end":{"line":86,"column":11}},"36":{"start":{"line":85,"column":12},"end":{"line":85,"column":60}},"37":{"start":{"line":93,"column":4},"end":{"line":117,"column":7}},"38":{"start":{"line":94,"column":6},"end":{"line":116,"column":21}},"39":{"start":{"line":96,"column":10},"end":{"line":115,"column":30}},"40":{"start":{"line":98,"column":14},"end":{"line":114,"column":17}},"41":{"start":{"line":100,"column":16},"end":{"line":101,"column":80}},"42":{"start":{"line":104,"column":16},"end":{"line":111,"column":18}},"43":{"start":{"line":106,"column":20},"end":{"line":106,"column":66}},"44":{"start":{"line":109,"column":20},"end":{"line":109,"column":51}},"45":{"start":{"line":113,"column":16},"end":{"line":113,"column":27}},"46":{"start":{"line":119,"column":4},"end":{"line":121,"column":7}},"47":{"start":{"line":120,"column":6},"end":{"line":120,"column":22}},"48":{"start":{"line":130,"column":0},"end":{"line":130,"column":33}},"49":{"start":{"line":131,"column":0},"end":{"line":131,"column":41}}},"branchMap":{"1":{"line":38,"type":"cond-expr","locations":[{"start":{"line":38,"column":23},"end":{"line":38,"column":51}},{"start":{"line":38,"column":54},"end":{"line":41,"column":10}}]},"2":{"line":52,"type":"switch","locations":[{"start":{"line":53,"column":8},"end":{"line":55,"column":16}},{"start":{"line":56,"column":8},"end":{"line":58,"column":16}},{"start":{"line":59,"column":8},"end":{"line":60,"column":16}}]},"3":{"line":82,"type":"if","locations":[{"start":{"line":82,"column":10},"end":{"line":82,"column":10}},{"start":{"line":82,"column":10},"end":{"line":82,"column":10}}]},"4":{"line":82,"type":"binary-expr","locations":[{"start":{"line":82,"column":14},"end":{"line":82,"column":32}},{"start":{"line":82,"column":36},"end":{"line":82,"column":61}}]},"5":{"line":84,"type":"if","locations":[{"start":{"line":84,"column":10},"end":{"line":84,"column":10}},{"start":{"line":84,"column":10},"end":{"line":84,"column":10}}]},"6":{"line":98,"type":"binary-expr","locations":[{"start":{"line":98,"column":53},"end":{"line":98,"column":62}},{"start":{"line":98,"column":66},"end":{"line":98,"column":68}}]}},"code":["'use strict';","","// Defaults","const defaults = {","  svg: {","    xmlns: 'http://www.w3.org/2000/svg',","    style: 'position:absolute; width: 0; height: 0'","  },","  svgoOptions: {},","  name: 'sprite.[hash].svg',","  prefix: 'icon-',","  template: __dirname + '/templates/layout.pug'","};","","// Depends","const _ = require('lodash');","const path = require('path');","const utils = require('./helpers/utils');","const ConstDependency = require('webpack/lib/dependencies/ConstDependency');","const NullFactory = require('webpack/lib/NullFactory');","const async = require('async');","","class WebpackSvgStore {","","  /**","   * Constructor","   * @param {string} input   [description]","   * @param {string} output  [description]","   * @param {object} options [description]","   * @return {object}","   */","  constructor(options) {","    this.tasks = {};","    this.options = _.merge({}, defaults, options);","  };","","  addTask(file, value) {","    this.tasks[file] ? this.tasks[file].push(value) : (() => {","        this.tasks[file] = [];","        this.tasks[file].push(value);","      })();","  }","","  createTaskContext(expr, parser) {","    const data = {","      path: '/**/*.svg',","      fileName: '[hash].sprite.svg',","      context: parser.state.current.context","    };","","    expr.init.properties.forEach(function (prop) {","      switch (prop.key.name) {","        case 'name':","          data.fileName = prop.value.value;","          break;","        case 'path':","          data.path = prop.value.value;","          break;","        default:","          break;","      }","    });","","    data.fileName = utils.hash(data.fileName, parser.state.current.buildTimestamp);","    let replacement = expr.id.name + ' = { filename: ' + \"__webpack_require__.p +\" + '\"' + data.fileName + '\" }';","    let dep = new ConstDependency(replacement, expr.range);","    dep.loc = expr.loc;","    parser.state.current.addDependency(dep);","    // parse repl","    this.addTask(parser.state.current.request, data);","  }","","  apply(compiler) {","    // AST parser","    compiler.plugin('compilation', (compilation, data) => {","      ","      compilation.dependencyFactories.set(ConstDependency, new NullFactory());","      compilation.dependencyTemplates.set(ConstDependency, new ConstDependency.Template());","      ","      data.normalModuleFactory.plugin('parser', (parser, options) => {","        parser.plugin('statement', (expr) => {","          if (!expr.declarations || !expr.declarations.length) return;","          const thisExpr = expr.declarations[0];","          if (thisExpr.id.name === \"__svg__\") {","            return this.createTaskContext(thisExpr, parser);","          }","        });","      });","    });","","","    // save file to fs","    compiler.plugin('emit', (compilation, callback) => {","      async.forEach(Object.keys(this.tasks),","        (key, outerCallback) => {","          async.forEach(this.tasks[key],","            (task, callback) => {","              utils.filesMap(path.join(task.context, task.path || ''), (files) => {","                // fileContent","                const fileContent = utils.createSprite(","                  utils.parseFiles(files, this.options), this.options.template);","","                // add sprite to assets","                compilation.assets[task.fileName] = {","                  size: function () {","                    return Buffer.byteLength(fileContent, 'utf8');","                  },","                  source: function () {","                    return new Buffer(fileContent);","                  }","                };","                // done","                callback();","              });","            }, outerCallback);","        }, callback);","    });","","    compiler.plugin('done', () => {","      this.tasks = {};","    });","  }","}","","","/**"," * Return function"," * @type {[type]}"," */","module.exports = WebpackSvgStore;","module.exports.Options = WebpackSvgStore;",""],"l":{"4":6,"16":6,"17":6,"18":6,"19":6,"20":0,"21":0,"33":0,"34":0,"38":0,"39":0,"40":0,"45":0,"51":0,"52":0,"54":0,"55":0,"57":0,"58":0,"60":0,"64":0,"65":0,"66":0,"67":0,"68":0,"70":0,"75":0,"77":0,"78":0,"80":0,"81":0,"82":0,"83":0,"84":0,"85":0,"93":0,"94":0,"96":0,"98":0,"100":0,"104":0,"106":0,"109":0,"113":0,"119":0,"120":0,"130":0,"131":0}},"/home/travis/build/npmtest/node-npmtest-webpack-svgstore-plugin/node_modules/webpack-svgstore-plugin/src/helpers/utils.js":{"path":"/home/travis/build/npmtest/node-npmtest-webpack-svgstore-plugin/node_modules/webpack-svgstore-plugin/src/helpers/utils.js","s":{"1":1,"2":1,"3":1,"4":1,"5":1,"6":1,"7":1,"8":1,"9":1,"10":1,"11":0,"12":1,"13":0,"14":1,"15":0,"16":0,"17":0,"18":0,"19":1,"20":0,"21":0,"22":0,"23":0,"24":0,"25":0,"26":0,"27":0,"28":0,"29":1,"30":0,"31":0,"32":0,"33":0,"34":0,"35":0,"36":0,"37":0,"38":0,"39":1,"40":0,"41":0,"42":0,"43":0,"44":0,"45":0,"46":0,"47":0,"48":0,"49":0,"50":0,"51":0,"52":0,"53":0,"54":0,"55":1,"56":0,"57":0,"58":0,"59":0,"60":0,"61":0,"62":1,"63":0,"64":1,"65":0,"66":0,"67":0,"68":1,"69":0,"70":0,"71":0,"72":0,"73":0,"74":1,"75":0,"76":0,"77":1,"78":0,"79":0,"80":0,"81":1,"82":0,"83":0,"84":0,"85":0,"86":0,"87":0,"88":0,"89":0,"90":0,"91":0,"92":0,"93":0,"94":0,"95":1,"96":0,"97":1,"98":1,"99":1,"100":1,"101":1,"102":1,"103":1,"104":1,"105":1,"106":1,"107":1,"108":1,"109":1},"b":{"1":[0,0],"2":[0,0],"3":[0,0],"4":[0,0],"5":[0,0],"6":[0,0],"7":[0,0],"8":[0,0],"9":[0,0],"10":[0,0],"11":[0,0],"12":[0,0],"13":[0,0],"14":[0,0],"15":[0,0],"16":[0,0,0],"17":[0,0],"18":[0,0,0],"19":[0,0],"20":[0,0],"21":[0,0],"22":[0,0],"23":[0,0],"24":[0,0],"25":[0,0]},"f":{"1":0,"2":0,"3":0,"4":0,"5":0,"6":0,"7":0,"8":0,"9":0,"10":0,"11":0,"12":0,"13":0,"14":0,"15":0,"16":0,"17":0,"18":0,"19":0,"20":0,"21":0,"22":0},"fnMap":{"1":{"name":"(anonymous_1)","line":20,"loc":{"start":{"line":20,"column":22},"end":{"line":20,"column":47}}},"2":{"name":"(anonymous_2)","line":30,"loc":{"start":{"line":30,"column":13},"end":{"line":30,"column":38}}},"3":{"name":"(anonymous_3)","line":42,"loc":{"start":{"line":42,"column":16},"end":{"line":42,"column":34}}},"4":{"name":"(anonymous_4)","line":59,"loc":{"start":{"line":59,"column":17},"end":{"line":59,"column":35}}},"5":{"name":"(anonymous_5)","line":81,"loc":{"start":{"line":81,"column":18},"end":{"line":81,"column":36}}},"6":{"name":"(anonymous_6)","line":83,"loc":{"start":{"line":83,"column":14},"end":{"line":83,"column":28}}},"7":{"name":"(anonymous_7)","line":106,"loc":{"start":{"line":106,"column":14},"end":{"line":106,"column":38}}},"8":{"name":"(anonymous_8)","line":109,"loc":{"start":{"line":109,"column":22},"end":{"line":109,"column":43}}},"9":{"name":"(anonymous_9)","line":110,"loc":{"start":{"line":110,"column":17},"end":{"line":110,"column":33}}},"10":{"name":"(anonymous_10)","line":131,"loc":{"start":{"line":131,"column":15},"end":{"line":131,"column":30}}},"11":{"name":"(anonymous_11)","line":146,"loc":{"start":{"line":146,"column":17},"end":{"line":146,"column":49}}},"12":{"name":"(anonymous_12)","line":161,"loc":{"start":{"line":161,"column":43},"end":{"line":161,"column":57}}},"13":{"name":"(anonymous_13)","line":179,"loc":{"start":{"line":179,"column":29},"end":{"line":179,"column":48}}},"14":{"name":"(anonymous_14)","line":188,"loc":{"start":{"line":188,"column":18},"end":{"line":188,"column":38}}},"15":{"name":"(anonymous_15)","line":191,"loc":{"start":{"line":191,"column":20},"end":{"line":191,"column":39}}},"16":{"name":"(anonymous_16)","line":201,"loc":{"start":{"line":201,"column":24},"end":{"line":201,"column":62}}},"17":{"name":"(anonymous_17)","line":217,"loc":{"start":{"line":217,"column":16},"end":{"line":217,"column":44}}},"18":{"name":"svgoCallback","line":221,"loc":{"start":{"line":221,"column":2},"end":{"line":221,"column":32}}},"19":{"name":"(anonymous_19)","line":234,"loc":{"start":{"line":234,"column":20},"end":{"line":234,"column":45}}},"20":{"name":"(anonymous_20)","line":243,"loc":{"start":{"line":243,"column":16},"end":{"line":243,"column":31}}},"21":{"name":"(anonymous_21)","line":249,"loc":{"start":{"line":249,"column":41},"end":{"line":249,"column":62}}},"22":{"name":"(anonymous_22)","line":271,"loc":{"start":{"line":271,"column":14},"end":{"line":271,"column":34}}}},"statementMap":{"1":{"start":{"line":4,"column":0},"end":{"line":4,"column":28}},"2":{"start":{"line":5,"column":0},"end":{"line":5,"column":25}},"3":{"start":{"line":6,"column":0},"end":{"line":6,"column":29}},"4":{"start":{"line":7,"column":0},"end":{"line":7,"column":29}},"5":{"start":{"line":8,"column":0},"end":{"line":8,"column":33}},"6":{"start":{"line":9,"column":0},"end":{"line":9,"column":27}},"7":{"start":{"line":10,"column":0},"end":{"line":10,"column":29}},"8":{"start":{"line":11,"column":0},"end":{"line":11,"column":33}},"9":{"start":{"line":12,"column":0},"end":{"line":12,"column":37}},"10":{"start":{"line":20,"column":0},"end":{"line":22,"column":2}},"11":{"start":{"line":21,"column":2},"end":{"line":21,"column":40}},"12":{"start":{"line":30,"column":0},"end":{"line":34,"column":2}},"13":{"start":{"line":31,"column":2},"end":{"line":33,"column":6}},"14":{"start":{"line":42,"column":0},"end":{"line":51,"column":2}},"15":{"start":{"line":44,"column":2},"end":{"line":46,"column":3}},"16":{"start":{"line":45,"column":4},"end":{"line":45,"column":52}},"17":{"start":{"line":48,"column":2},"end":{"line":50,"column":3}},"18":{"start":{"line":49,"column":4},"end":{"line":49,"column":97}},"19":{"start":{"line":59,"column":0},"end":{"line":73,"column":2}},"20":{"start":{"line":60,"column":2},"end":{"line":60,"column":10}},"21":{"start":{"line":61,"column":2},"end":{"line":61,"column":12}},"22":{"start":{"line":62,"column":2},"end":{"line":62,"column":27}},"23":{"start":{"line":63,"column":2},"end":{"line":72,"column":3}},"24":{"start":{"line":64,"column":4},"end":{"line":71,"column":5}},"25":{"start":{"line":65,"column":6},"end":{"line":70,"column":7}},"26":{"start":{"line":66,"column":8},"end":{"line":66,"column":58}},"27":{"start":{"line":67,"column":8},"end":{"line":69,"column":9}},"28":{"start":{"line":68,"column":10},"end":{"line":68,"column":58}},"29":{"start":{"line":81,"column":0},"end":{"line":98,"column":2}},"30":{"start":{"line":82,"column":2},"end":{"line":82,"column":18}},"31":{"start":{"line":83,"column":2},"end":{"line":95,"column":5}},"32":{"start":{"line":84,"column":4},"end":{"line":94,"column":5}},"33":{"start":{"line":86,"column":6},"end":{"line":86,"column":24}},"34":{"start":{"line":88,"column":6},"end":{"line":88,"column":23}},"35":{"start":{"line":90,"column":6},"end":{"line":92,"column":7}},"36":{"start":{"line":91,"column":8},"end":{"line":91,"column":36}},"37":{"start":{"line":93,"column":6},"end":{"line":93,"column":25}},"38":{"start":{"line":97,"column":2},"end":{"line":97,"column":14}},"39":{"start":{"line":106,"column":0},"end":{"line":138,"column":2}},"40":{"start":{"line":108,"column":2},"end":{"line":108,"column":56}},"41":{"start":{"line":109,"column":2},"end":{"line":129,"column":4}},"42":{"start":{"line":110,"column":4},"end":{"line":128,"column":7}},"43":{"start":{"line":111,"column":6},"end":{"line":119,"column":7}},"44":{"start":{"line":113,"column":10},"end":{"line":113,"column":108}},"45":{"start":{"line":114,"column":10},"end":{"line":114,"column":16}},"46":{"start":{"line":116,"column":10},"end":{"line":118,"column":19}},"47":{"start":{"line":121,"column":6},"end":{"line":123,"column":7}},"48":{"start":{"line":122,"column":8},"end":{"line":122,"column":42}},"49":{"start":{"line":125,"column":6},"end":{"line":127,"column":7}},"50":{"start":{"line":126,"column":8},"end":{"line":126,"column":25}},"51":{"start":{"line":131,"column":2},"end":{"line":135,"column":5}},"52":{"start":{"line":132,"column":4},"end":{"line":134,"column":5}},"53":{"start":{"line":133,"column":6},"end":{"line":133,"column":39}},"54":{"start":{"line":137,"column":2},"end":{"line":137,"column":14}},"55":{"start":{"line":146,"column":0},"end":{"line":172,"column":2}},"56":{"start":{"line":148,"column":2},"end":{"line":158,"column":4}},"57":{"start":{"line":161,"column":2},"end":{"line":163,"column":5}},"58":{"start":{"line":162,"column":4},"end":{"line":162,"column":55}},"59":{"start":{"line":166,"column":2},"end":{"line":166,"column":33}},"60":{"start":{"line":169,"column":2},"end":{"line":169,"column":20}},"61":{"start":{"line":171,"column":2},"end":{"line":171,"column":14}},"62":{"start":{"line":179,"column":0},"end":{"line":181,"column":2}},"63":{"start":{"line":180,"column":2},"end":{"line":180,"column":53}},"64":{"start":{"line":188,"column":0},"end":{"line":194,"column":2}},"65":{"start":{"line":189,"column":2},"end":{"line":189,"column":21}},"66":{"start":{"line":191,"column":2},"end":{"line":193,"column":5}},"67":{"start":{"line":192,"column":4},"end":{"line":192,"column":17}},"68":{"start":{"line":201,"column":0},"end":{"line":209,"column":2}},"69":{"start":{"line":202,"column":2},"end":{"line":202,"column":44}},"70":{"start":{"line":203,"column":2},"end":{"line":206,"column":3}},"71":{"start":{"line":204,"column":4},"end":{"line":204,"column":33}},"72":{"start":{"line":205,"column":4},"end":{"line":205,"column":47}},"73":{"start":{"line":208,"column":2},"end":{"line":208,"column":14}},"74":{"start":{"line":217,"column":0},"end":{"line":228,"column":2}},"75":{"start":{"line":218,"column":2},"end":{"line":218,"column":36}},"76":{"start":{"line":219,"column":2},"end":{"line":219,"column":20}},"77":{"start":{"line":221,"column":2},"end":{"line":223,"column":3}},"78":{"start":{"line":222,"column":4},"end":{"line":222,"column":25}},"79":{"start":{"line":225,"column":2},"end":{"line":225,"column":37}},"80":{"start":{"line":227,"column":2},"end":{"line":227,"column":16}},"81":{"start":{"line":234,"column":0},"end":{"line":263,"column":2}},"82":{"start":{"line":235,"column":2},"end":{"line":235,"column":20}},"83":{"start":{"line":236,"column":2},"end":{"line":240,"column":4}},"84":{"start":{"line":243,"column":2},"end":{"line":260,"column":5}},"85":{"start":{"line":245,"column":4},"end":{"line":245,"column":79}},"86":{"start":{"line":247,"column":4},"end":{"line":247,"column":49}},"87":{"start":{"line":249,"column":4},"end":{"line":252,"column":7}},"88":{"start":{"line":250,"column":6},"end":{"line":251,"column":71}},"89":{"start":{"line":250,"column":17},"end":{"line":250,"column":33}},"90":{"start":{"line":251,"column":11},"end":{"line":251,"column":71}},"91":{"start":{"line":255,"column":4},"end":{"line":257,"column":7}},"92":{"start":{"line":258,"column":4},"end":{"line":258,"column":25}},"93":{"start":{"line":259,"column":4},"end":{"line":259,"column":17}},"94":{"start":{"line":262,"column":2},"end":{"line":262,"column":14}},"95":{"start":{"line":271,"column":0},"end":{"line":275,"column":2}},"96":{"start":{"line":272,"column":2},"end":{"line":274,"column":10}},"97":{"start":{"line":283,"column":0},"end":{"line":283,"column":28}},"98":{"start":{"line":290,"column":0},"end":{"line":290,"column":26}},"99":{"start":{"line":296,"column":0},"end":{"line":296,"column":40}},"100":{"start":{"line":303,"column":0},"end":{"line":303,"column":36}},"101":{"start":{"line":310,"column":0},"end":{"line":310,"column":48}},"102":{"start":{"line":317,"column":0},"end":{"line":317,"column":32}},"103":{"start":{"line":324,"column":0},"end":{"line":324,"column":34}},"104":{"start":{"line":331,"column":0},"end":{"line":331,"column":36}},"105":{"start":{"line":337,"column":0},"end":{"line":337,"column":58}},"106":{"start":{"line":345,"column":0},"end":{"line":345,"column":28}},"107":{"start":{"line":353,"column":0},"end":{"line":353,"column":34}},"108":{"start":{"line":361,"column":0},"end":{"line":361,"column":32}},"109":{"start":{"line":368,"column":0},"end":{"line":368,"column":44}}},"branchMap":{"1":{"line":32,"type":"binary-expr","locations":[{"start":{"line":32,"column":29},"end":{"line":32,"column":34}},{"start":{"line":32,"column":38},"end":{"line":32,"column":39}}]},"2":{"line":44,"type":"if","locations":[{"start":{"line":44,"column":2},"end":{"line":44,"column":2}},{"start":{"line":44,"column":2},"end":{"line":44,"column":2}}]},"3":{"line":44,"type":"binary-expr","locations":[{"start":{"line":44,"column":6},"end":{"line":44,"column":17}},{"start":{"line":44,"column":21},"end":{"line":44,"column":35}}]},"4":{"line":48,"type":"if","locations":[{"start":{"line":48,"column":2},"end":{"line":48,"column":2}},{"start":{"line":48,"column":2},"end":{"line":48,"column":2}}]},"5":{"line":63,"type":"if","locations":[{"start":{"line":63,"column":2},"end":{"line":63,"column":2}},{"start":{"line":63,"column":2},"end":{"line":63,"column":2}}]},"6":{"line":65,"type":"if","locations":[{"start":{"line":65,"column":6},"end":{"line":65,"column":6}},{"start":{"line":65,"column":6},"end":{"line":65,"column":6}}]},"7":{"line":67,"type":"if","locations":[{"start":{"line":67,"column":8},"end":{"line":67,"column":8}},{"start":{"line":67,"column":8},"end":{"line":67,"column":8}}]},"8":{"line":67,"type":"binary-expr","locations":[{"start":{"line":67,"column":12},"end":{"line":67,"column":15}},{"start":{"line":67,"column":19},"end":{"line":67,"column":24}}]},"9":{"line":84,"type":"if","locations":[{"start":{"line":84,"column":4},"end":{"line":84,"column":4}},{"start":{"line":84,"column":4},"end":{"line":84,"column":4}}]},"10":{"line":90,"type":"if","locations":[{"start":{"line":90,"column":6},"end":{"line":90,"column":6}},{"start":{"line":90,"column":6},"end":{"line":90,"column":6}}]},"11":{"line":90,"type":"binary-expr","locations":[{"start":{"line":90,"column":10},"end":{"line":90,"column":22}},{"start":{"line":90,"column":26},"end":{"line":90,"column":49}}]},"12":{"line":111,"type":"switch","locations":[{"start":{"line":112,"column":8},"end":{"line":114,"column":16}},{"start":{"line":115,"column":8},"end":{"line":118,"column":19}}]},"13":{"line":116,"type":"cond-expr","locations":[{"start":{"line":117,"column":14},"end":{"line":117,"column":65}},{"start":{"line":118,"column":14},"end":{"line":118,"column":18}}]},"14":{"line":116,"type":"binary-expr","locations":[{"start":{"line":116,"column":10},"end":{"line":116,"column":23}},{"start":{"line":116,"column":27},"end":{"line":116,"column":43}}]},"15":{"line":121,"type":"if","locations":[{"start":{"line":121,"column":6},"end":{"line":121,"column":6}},{"start":{"line":121,"column":6},"end":{"line":121,"column":6}}]},"16":{"line":121,"type":"binary-expr","locations":[{"start":{"line":121,"column":10},"end":{"line":121,"column":15}},{"start":{"line":121,"column":19},"end":{"line":121,"column":33}},{"start":{"line":121,"column":37},"end":{"line":121,"column":62}}]},"17":{"line":125,"type":"if","locations":[{"start":{"line":125,"column":6},"end":{"line":125,"column":6}},{"start":{"line":125,"column":6},"end":{"line":125,"column":6}}]},"18":{"line":125,"type":"binary-expr","locations":[{"start":{"line":125,"column":10},"end":{"line":125,"column":15}},{"start":{"line":125,"column":19},"end":{"line":125,"column":32}},{"start":{"line":125,"column":36},"end":{"line":125,"column":52}}]},"19":{"line":132,"type":"if","locations":[{"start":{"line":132,"column":4},"end":{"line":132,"column":4}},{"start":{"line":132,"column":4},"end":{"line":132,"column":4}}]},"20":{"line":132,"type":"binary-expr","locations":[{"start":{"line":132,"column":8},"end":{"line":132,"column":21}},{"start":{"line":132,"column":25},"end":{"line":132,"column":49}}]},"21":{"line":162,"type":"binary-expr","locations":[{"start":{"line":162,"column":11},"end":{"line":162,"column":30}},{"start":{"line":162,"column":34},"end":{"line":162,"column":54}}]},"22":{"line":203,"type":"if","locations":[{"start":{"line":203,"column":2},"end":{"line":203,"column":2}},{"start":{"line":203,"column":2},"end":{"line":203,"column":2}}]},"23":{"line":203,"type":"binary-expr","locations":[{"start":{"line":203,"column":6},"end":{"line":203,"column":9}},{"start":{"line":203,"column":13},"end":{"line":203,"column":19}}]},"24":{"line":250,"type":"if","locations":[{"start":{"line":250,"column":6},"end":{"line":250,"column":6}},{"start":{"line":250,"column":6},"end":{"line":250,"column":6}}]},"25":{"line":272,"type":"cond-expr","locations":[{"start":{"line":273,"column":6},"end":{"line":273,"column":33}},{"start":{"line":274,"column":6},"end":{"line":274,"column":9}}]}},"code":["'use strict';","","// Depends","const _ = require('lodash');","const fs = require('fs');","const path = require('path');","const util = require('util');","const crypto = require('crypto');","const pug = require('pug');","const Svgo = require('svgo');","const globby = require('globby');","const parse = require('htmlparser2');","","/**"," * Create sprite"," * @param  {object} data"," * @param  {string} template"," * @return {string}"," */","const _createSprite = function(data, template) {","  return pug.renderFile(template, data);","};","","/**"," * Depth log"," * @param  {object}   subject Consolable object or array"," * @param  {integer}  depth   Depth level"," * @return {void}"," */","const _log = function(subject, depth) {","  console.log(util.inspect(subject, {","    showHidden: true, depth: depth || 2","  }));","};","","/**"," * Fix ids"," * @param  {object} obj"," * @param  {string} id"," * @return {void}"," */","const _fixIds = function(obj, id) {","  // add id","  if (obj.attribs && obj.attribs.id) {","    obj.attribs.id = [id, obj.attribs.id].join('-');","  }","  // add id to use tag","  if (obj.name === 'use') {","    obj.attribs['xlink:href'] = ['#' + id, obj.attribs['xlink:href'].replace('#', '')].join('-');","  }","};","","/**"," * Fix urls"," * @param  {object} obj"," * @param  {string} id"," * @return {void}"," */","const _fixUrls = function(obj, id) {","  let key;","  let match;","  const json = obj.attribs;","  if (json) {","    for (key in json) {","      if (json.hasOwnProperty(key)) {","        match = /url\\(\\s*#([^ ]+?)\\s*\\)/g.exec(json[key]);","        if (key && match) {","          json[key] = 'url(#' + id + '-' + match[1] + ')';","        }","      }","    }","  }","};","","/**"," * Svg parser"," * @param  {[type]} arr   [description]"," * @param  {[type]} id    [description]"," * @return {[type]}       [description]"," */","const _parseSVG = function(arr, id) {","  const data = [];","  arr.forEach(function(obj) {","    if (obj) {","      // add unic ids to urls","      _fixUrls(obj, id);","      // add ids","      _fixIds(obj, id);","      // go deeper if children exists","      if (obj.children && obj.children.length > 0) {","        _parseSVG(obj.children, id);","      }","      data.push(obj, id);","    }","  });","","  return data;","};","","/**"," * Defs parser"," * @param  {[type]} id   [description]"," * @param  {[type]} data [description]"," * @return {[type]}      [description]"," */","const _defs = function(id, dom, data) {","  // lets find defs into dom","  const defs = _.filter(dom.children, { name: 'defs' });","  const parseChilds = function(item, data) {","    item.forEach(function(child) {","      switch (child.name) {","        case 'use': {","          child.attribs['xlink:href'] = ['#' + id, child.attribs['xlink:href'].replace('#', '') ].join('-');","        } break;","        default:","          child.attribs && child.attribs.id","            ? child.attribs.id = [id, child.attribs.id].join('-')","            : null;","      }","","      if (child && child.children && child.children.length > 0) {","        parseChilds(child.children, data);","      }","","      if (child && child.attribs && child.attribs.id) {","        data.push(child);","      }","    });","  };","","  defs.forEach(function(item) {","    if (item.children && item.children.length > 0) {","      parseChilds(item.children, data);","    }","  });","","  return data;","};","","/**"," * Symbols parser"," * @param  {[type]} id   [description]"," * @param  {[type]} data [description]"," * @return {[type]}      [description]"," */","const _symbols = function(id, dom, data, prefix) {","  // create symbol object","  const symbol = {","    type: 'tag',","    name: 'symbol',","    attribs: {","      viewBox: dom.attribs.viewBox,","      id: prefix + id","    },","    next: null,","    prev: null,","    parent: null","  };","","  // add dom children without defs and titles","  symbol.children = _.filter(dom.children, function(obj) {","    return obj.name !== 'defs' && obj.name !== 'title';","  });","","  // go through the svg element","  _parseSVG(symbol.children, id);","","  // push symbol data","  data.push(symbol);","","  return data;","};","","/**"," * Convert filename to id"," * @param  {string} filename [description]"," * @return {string}          [description]"," */","const _convertFilenameToId = function(filename) {","  return filename.split('.').join('-').toLowerCase();","};","","/**"," * Build files map"," * @param  {string} input Destination path"," * @return {array}        Array of paths"," */","const _filesMap = function(input, cb) {","  const data = input;","","  globby(data).then(function(fileList) {","    cb(fileList);","  });","};","","/**"," * Parse dom objects"," * @param  {[type]} dom [description]"," * @return {[type]}     [description]"," */","const _parseDomObject = function(data, filename, dom, prefix) {","  const id = _convertFilenameToId(filename);","  if (dom && dom[0]) {","    _defs(id, dom[0], data.defs);","    _symbols(id, dom[0], data.symbols, prefix);","  }","","  return data;","};","","/**"," * Minify via SVGO"," * @param  {string}   file  filename"," * @param  {integer}  loop  loop count"," * @return {[type]}         minified source"," */","const _minify = function(file, svgoOptions) {","  const min = new Svgo(svgoOptions);","  let source = file;","","  function svgoCallback(result) {","    source = result.data;","  }","","  min.optimize(source, svgoCallback);","","  return source;","};","","/**"," * [parseFiles description]"," * @return {[type]} [description]"," */","const _parseFiles = function(files, options) {","  const self = this;","  let data = {","    svg: options.svg,","    defs: [],","    symbols: []","  };","","  // each over files","  files.forEach(function(file) {","    // load and minify","    const buffer = _minify(fs.readFileSync(file, 'utf8'), options.svgoOptions);","    // get filename for id generation","    const filename = path.basename(file, '.svg');","","    const handler = new parse.DomHandler(function(error, dom) {","      if (error) self.log(error);","      else data = _parseDomObject(data, filename, dom, options.prefix);","    });","","    // lets create parser instance","    const Parser = new parse.Parser(handler, {","      xmlMode: true","    });","    Parser.write(buffer);","    Parser.end();","  });","","  return data;","};","","/**"," * [_hash description]"," * @param  {[type]} buffer [description]"," * @param  {[type]} name   [description]"," * @return {[type]}        [description]"," */","const _hash = function(str, hash) {","  return str.indexOf('[hash]') >= 0","    ? str.replace('[hash]', hash)","    : str;","};","","/**"," * Create hash"," * @param  {[type]} buffer [description]"," * @param  {[type]} name   [description]"," * @return {[type]}        [description]"," */","module.exports.hash = _hash;","","/**"," * Deep log util"," * @param  {[type]} subject [description]"," * @return {[type]}         [description]"," */","module.exports.log = _log;","","/**"," * Parse file with htmlparser"," * @return {[type]} [description]"," */","module.exports.parseFiles = _parseFiles;","","/**"," * Build files map"," * @param  {string} input Destination path"," * @return {array}        Array of paths"," */","module.exports.filesMap = _filesMap;","","/**"," * Parse dom objects"," * @param  {[type]} dom [description]"," * @return {[type]}     [description]"," */","module.exports.parseDomObject = _parseDomObject;","","/**"," * Fixing id inside each selector"," * @param  {[type]} subject [description]"," * @return {[type]}         [description]"," */","module.exports.fixIds = _fixIds;","","/**"," * Fixing url inside each svg"," * @param  {[type]} subject [description]"," * @return {[type]}         [description]"," */","module.exports.fixUrls = _fixUrls;","","/**"," * Simple SVG parser"," * @param  {[type]} subject [description]"," * @return {[type]}         [description]"," */","module.exports.parseSVG = _parseSVG;","","/**"," * [convertFilenameToId description]"," * @type {[type]}"," */","module.exports.convertFilenameToId = _convertFilenameToId;","","/**"," * Defs parser"," * @param  {[type]} id   [description]"," * @param  {[type]} data [description]"," * @return {[type]}      [description]"," */","module.exports.defs = _defs;","","/**"," * Symbols parser"," * @param  {[type]} id   [description]"," * @param  {[type]} data [description]"," * @return {[type]}      [description]"," */","module.exports.symbols = _symbols;","","/**"," * Minify via SVGO"," * @param  {string}   file  filename"," * @param  {integer}  loop  loop count"," * @return {[type]}         minified source"," */","module.exports.minify = _minify;","","/**"," * Sprite creation"," * @param  {[type]} files [description]"," * @return {[type]}       [description]"," */","module.exports.createSprite = _createSprite;",""],"l":{"4":1,"5":1,"6":1,"7":1,"8":1,"9":1,"10":1,"11":1,"12":1,"20":1,"21":0,"30":1,"31":0,"42":1,"44":0,"45":0,"48":0,"49":0,"59":1,"60":0,"61":0,"62":0,"63":0,"64":0,"65":0,"66":0,"67":0,"68":0,"81":1,"82":0,"83":0,"84":0,"86":0,"88":0,"90":0,"91":0,"93":0,"97":0,"106":1,"108":0,"109":0,"110":0,"111":0,"113":0,"114":0,"116":0,"121":0,"122":0,"125":0,"126":0,"131":0,"132":0,"133":0,"137":0,"146":1,"148":0,"161":0,"162":0,"166":0,"169":0,"171":0,"179":1,"180":0,"188":1,"189":0,"191":0,"192":0,"201":1,"202":0,"203":0,"204":0,"205":0,"208":0,"217":1,"218":0,"219":0,"221":1,"222":0,"225":0,"227":0,"234":1,"235":0,"236":0,"243":0,"245":0,"247":0,"249":0,"250":0,"251":0,"255":0,"258":0,"259":0,"262":0,"271":1,"272":0,"283":1,"290":1,"296":1,"303":1,"310":1,"317":1,"324":1,"331":1,"337":1,"345":1,"353":1,"361":1,"368":1}},"/home/travis/build/npmtest/node-npmtest-webpack-svgstore-plugin/node_modules/webpack-svgstore-plugin/webpack.config.js":{"path":"/home/travis/build/npmtest/node-npmtest-webpack-svgstore-plugin/node_modules/webpack-svgstore-plugin/webpack.config.js","s":{"1":2,"2":0,"3":0,"4":0,"5":0,"6":0,"7":0,"8":0},"b":{"1":[0,0],"2":[0,0]},"f":{"1":0},"fnMap":{"1":{"name":"(anonymous_1)","line":16,"loc":{"start":{"line":16,"column":12},"end":{"line":16,"column":34}}}},"statementMap":{"1":{"start":{"line":7,"column":0},"end":{"line":9,"column":2}},"2":{"start":{"line":16,"column":0},"end":{"line":23,"column":2}},"3":{"start":{"line":18,"column":2},"end":{"line":18,"column":92}},"4":{"start":{"line":18,"column":20},"end":{"line":18,"column":92}},"5":{"start":{"line":19,"column":2},"end":{"line":19,"column":82}},"6":{"start":{"line":19,"column":30},"end":{"line":19,"column":82}},"7":{"start":{"line":22,"column":2},"end":{"line":22,"column":42}},"8":{"start":{"line":29,"column":0},"end":{"line":29,"column":45}}},"branchMap":{"1":{"line":18,"type":"if","locations":[{"start":{"line":18,"column":2},"end":{"line":18,"column":2}},{"start":{"line":18,"column":2},"end":{"line":18,"column":2}}]},"2":{"line":19,"type":"if","locations":[{"start":{"line":19,"column":2},"end":{"line":19,"column":2}},{"start":{"line":19,"column":2},"end":{"line":19,"column":2}}]}},"code":["'use strict';","","/**"," * [config description]"," * @type {Object}"," */","var _configs = {","  platform: require(__dirname + '/platform/global')","};","","/**"," * Load webpack config via enviroments"," * @param  {[type]} enviroment [description]"," * @return {[type]}            [description]"," */","var _load = function(environment) {","  // check enviroment","  if (!environment) throw 'Can\\'t find local environment variable via process.env.NODE_ENV';","  if (!_configs[environment]) throw 'Can\\'t find enviroments see _configs object';","","  // load config file by enviroment","  return _configs[environment](__dirname);","};","","/**"," * Export WebPack config"," * @type {[type]}"," */","module.exports = _load(process.env.NODE_ENV);",""],"l":{"7":2,"16":0,"18":0,"19":0,"22":0,"29":0}},"/home/travis/build/npmtest/node-npmtest-webpack-svgstore-plugin/node_modules/webpack-svgstore-plugin/platform/global.js":{"path":"/home/travis/build/npmtest/node-npmtest-webpack-svgstore-plugin/node_modules/webpack-svgstore-plugin/platform/global.js","s":{"1":4,"2":4,"3":0,"4":0,"5":0},"b":{},"f":{"1":0},"fnMap":{"1":{"name":"(anonymous_1)","line":7,"loc":{"start":{"line":7,"column":17},"end":{"line":7,"column":33}}}},"statementMap":{"1":{"start":{"line":4,"column":0},"end":{"line":4,"column":27}},"2":{"start":{"line":5,"column":0},"end":{"line":5,"column":42}},"3":{"start":{"line":7,"column":0},"end":{"line":36,"column":2}},"4":{"start":{"line":9,"column":2},"end":{"line":9,"column":54}},"5":{"start":{"line":11,"column":2},"end":{"line":35,"column":4}}},"branchMap":{},"code":["'use strict';","","// Depends","var path = require('path');","var SvgStore = require('../src/svgstore');","","module.exports = function(_path) {","  // define local variables","  var distPath = path.join(_path, 'platform', 'dist');","","  return {","    entry: {","      app: path.join(_path, 'platform', 'static', 'js', 'index.js')","    },","    output: {","      path: distPath,","      filename: '[chunkhash].[name].js',","      chunkFilename: '[chunkhash].[id].js',","      publicPath: '/platform/'","    },","    resolve: {","      extensions: ['', '.js'],","    },","    plugins: [","      // create svgStore instance object","      new SvgStore.Options({","        // svgo options","        svgoOptions: {","          plugins: [","            { removeTitle: true }","          ]","        }","      })","    ]","  };","};",""],"l":{"4":4,"5":4,"7":0,"9":0,"11":0}},"/home/travis/build/npmtest/node-npmtest-webpack-svgstore-plugin/node_modules/webpack-svgstore-plugin/src/helpers/svgxhr.js":{"path":"/home/travis/build/npmtest/node-npmtest-webpack-svgstore-plugin/node_modules/webpack-svgstore-plugin/src/helpers/svgxhr.js","s":{"1":1,"2":1,"3":1,"4":1,"5":1,"6":1,"7":0,"8":0,"9":0,"10":0,"11":0,"12":0,"13":0,"14":0,"15":0,"16":0,"17":0,"18":0,"19":0,"20":0,"21":0,"22":0,"23":0,"24":0,"25":0,"26":0,"27":1},"b":{"1":[0,1],"2":[1,1],"3":[1,0],"4":[0,0],"5":[0,0],"6":[0,0],"7":[0,0],"8":[0,0],"9":[0,0],"10":[0,0],"11":[0,0]},"f":{"1":1,"2":0,"3":0},"fnMap":{"1":{"name":"(anonymous_1)","line":8,"loc":{"start":{"line":8,"column":13},"end":{"line":8,"column":31}}},"2":{"name":"(anonymous_2)","line":34,"loc":{"start":{"line":34,"column":21},"end":{"line":34,"column":32}}},"3":{"name":"(anonymous_3)","line":35,"loc":{"start":{"line":35,"column":17},"end":{"line":35,"column":28}}}},"statementMap":{"1":{"start":{"line":8,"column":0},"end":{"line":47,"column":2}},"2":{"start":{"line":9,"column":2},"end":{"line":9,"column":18}},"3":{"start":{"line":10,"column":2},"end":{"line":10,"column":26}},"4":{"start":{"line":12,"column":2},"end":{"line":14,"column":11}},"5":{"start":{"line":16,"column":2},"end":{"line":16,"column":25}},"6":{"start":{"line":16,"column":12},"end":{"line":16,"column":25}},"7":{"start":{"line":17,"column":2},"end":{"line":17,"column":35}},"8":{"start":{"line":18,"column":2},"end":{"line":18,"column":16}},"9":{"start":{"line":20,"column":2},"end":{"line":22,"column":3}},"10":{"start":{"line":21,"column":4},"end":{"line":21,"column":33}},"11":{"start":{"line":24,"column":2},"end":{"line":30,"column":3}},"12":{"start":{"line":25,"column":4},"end":{"line":29,"column":5}},"13":{"start":{"line":26,"column":6},"end":{"line":26,"column":31}},"14":{"start":{"line":28,"column":6},"end":{"line":28,"column":134}},"15":{"start":{"line":32,"column":2},"end":{"line":32,"column":66}},"16":{"start":{"line":33,"column":2},"end":{"line":33,"column":37}},"17":{"start":{"line":34,"column":2},"end":{"line":34,"column":35}},"18":{"start":{"line":35,"column":2},"end":{"line":45,"column":4}},"19":{"start":{"line":36,"column":4},"end":{"line":38,"column":5}},"20":{"start":{"line":37,"column":6},"end":{"line":37,"column":42}},"21":{"start":{"line":39,"column":4},"end":{"line":41,"column":5}},"22":{"start":{"line":40,"column":6},"end":{"line":40,"column":13}},"23":{"start":{"line":42,"column":4},"end":{"line":42,"column":44}},"24":{"start":{"line":43,"column":4},"end":{"line":43,"column":39}},"25":{"start":{"line":44,"column":4},"end":{"line":44,"column":65}},"26":{"start":{"line":46,"column":2},"end":{"line":46,"column":15}},"27":{"start":{"line":49,"column":0},"end":{"line":49,"column":24}}},"branchMap":{"1":{"line":12,"type":"cond-expr","locations":[{"start":{"line":13,"column":6},"end":{"line":13,"column":28}},{"start":{"line":14,"column":6},"end":{"line":14,"column":10}}]},"2":{"line":12,"type":"binary-expr","locations":[{"start":{"line":12,"column":2},"end":{"line":12,"column":9}},{"start":{"line":12,"column":13},"end":{"line":12,"column":29}}]},"3":{"line":16,"type":"if","locations":[{"start":{"line":16,"column":2},"end":{"line":16,"column":2}},{"start":{"line":16,"column":2},"end":{"line":16,"column":2}}]},"4":{"line":20,"type":"if","locations":[{"start":{"line":20,"column":2},"end":{"line":20,"column":2}},{"start":{"line":20,"column":2},"end":{"line":20,"column":2}}]},"5":{"line":24,"type":"if","locations":[{"start":{"line":24,"column":2},"end":{"line":24,"column":2}},{"start":{"line":24,"column":2},"end":{"line":24,"column":2}}]},"6":{"line":25,"type":"if","locations":[{"start":{"line":25,"column":4},"end":{"line":25,"column":4}},{"start":{"line":25,"column":4},"end":{"line":25,"column":4}}]},"7":{"line":28,"type":"cond-expr","locations":[{"start":{"line":28,"column":101},"end":{"line":28,"column":127}},{"start":{"line":28,"column":130},"end":{"line":28,"column":132}}]},"8":{"line":36,"type":"if","locations":[{"start":{"line":36,"column":4},"end":{"line":36,"column":4}},{"start":{"line":36,"column":4},"end":{"line":36,"column":4}}]},"9":{"line":36,"type":"binary-expr","locations":[{"start":{"line":36,"column":7},"end":{"line":36,"column":26}},{"start":{"line":36,"column":30},"end":{"line":36,"column":72}}]},"10":{"line":39,"type":"if","locations":[{"start":{"line":39,"column":4},"end":{"line":39,"column":4}},{"start":{"line":39,"column":4},"end":{"line":39,"column":4}}]},"11":{"line":39,"type":"binary-expr","locations":[{"start":{"line":39,"column":7},"end":{"line":39,"column":25}},{"start":{"line":39,"column":29},"end":{"line":39,"column":48}}]}},"code":["/**"," * Load svg via ajax"," * @param  {string} url path to svg sprite"," * @generator: webpack-svgstore-plugin"," * @see: https://www.npmjs.com/package/webpack-svgstore-plugin"," * @return {[type]}     [description]"," */","var svgXHR = function(options) {","  var url = false;","  var baseUrl = undefined;","","  options && options.filename","    ? url = options.filename","    : null;","","  if (!url) return false;","  var _ajax = new XMLHttpRequest();","  var _fullPath;","","  if (typeof XDomainRequest !== 'undefined') {","    _ajax = new XDomainRequest();","  }","","  if (typeof baseUrl === 'undefined') {","    if (typeof window.baseUrl !== 'undefined') {","      baseUrl = window.baseUrl;","    } else {","      baseUrl = window.location.protocol + '//' + window.location.hostname + (window.location.port ? ':' + window.location.port : '');","    }","  }","","  _fullPath = (baseUrl + '/' + url).replace(/([^:]\\/)\\/+/g, '$1');","  _ajax.open('GET', _fullPath, true);","  _ajax.onprogress = function() {};","  _ajax.onload = function() {","    if(!_ajax.responseText || _ajax.responseText.substr(0, 4) !== \"<svg\") {","      throw Error(\"Invalid SVG Response\");","    }","    if(_ajax.status < 200 || _ajax.status >= 300) {","      return;","    }","    var div = document.createElement('div');","    div.innerHTML = _ajax.responseText;","    document.body.insertBefore(div, document.body.childNodes[0]);","  };","  _ajax.send();","};","","module.exports = svgXHR;",""],"l":{"8":1,"9":1,"10":1,"12":1,"16":1,"17":0,"18":0,"20":0,"21":0,"24":0,"25":0,"26":0,"28":0,"32":0,"33":0,"34":0,"35":0,"36":0,"37":0,"39":0,"40":0,"42":0,"43":0,"44":0,"46":0,"49":1}},"/home/travis/build/npmtest/node-npmtest-webpack-svgstore-plugin/node_modules/webpack-svgstore-plugin/platform/static/js/index.js":{"path":"/home/travis/build/npmtest/node-npmtest-webpack-svgstore-plugin/node_modules/webpack-svgstore-plugin/platform/static/js/index.js","s":{"1":1,"2":1},"b":{},"f":{},"fnMap":{},"statementMap":{"1":{"start":{"line":3,"column":0},"end":{"line":3,"column":73}},"2":{"start":{"line":7,"column":0},"end":{"line":7,"column":48}}},"branchMap":{},"code":["'use strict';","","var __svg__ = { path: '../svg/**/Logo-*.svg', name: '[hash].logos.svg' };","// var __sprite__ = { path: '../svg/**/*.svg', name: 'test/for/svg/[hash].geckos.svg' };","// var __svgstore__ = { path: '../svg/**/*.svg', name: 'svg/[hash].icon.svg' };","","require('../../../src/helpers/svgxhr')(__svg__);",""],"l":{"3":1,"7":1}},"/home/travis/build/npmtest/node-npmtest-webpack-svgstore-plugin/node_modules/webpack-svgstore-plugin/platform/static/js/one-more.js":{"path":"/home/travis/build/npmtest/node-npmtest-webpack-svgstore-plugin/node_modules/webpack-svgstore-plugin/platform/static/js/one-more.js","s":{"1":2,"2":0},"b":{},"f":{},"fnMap":{},"statementMap":{"1":{"start":{"line":4,"column":0},"end":{"line":4,"column":68}},"2":{"start":{"line":6,"column":0},"end":{"line":6,"column":27}}},"branchMap":{},"code":["'use strict';","","// load icons tasks","webpackSvgStore('platform/static/svg/**/*.svg', '[hash].icons.svg');","","require('./test/chunk.js');",""],"l":{"4":2,"6":0}}}